sysbench 1.0.18 (using bundled LuaJIT 2.1.0-beta2)

Running the test with following options:
Number of threads: 56
Target transaction rate: 7500/sec
Report intermediate results every 10 second(s)
Initializing random number generator from current time


Initializing worker threads...

Threads started!

[ 10s ] thds: 56 tps: 7514.93 qps: 213900.31 (r/w/o: 97571.14/101284.81/15044.36) lat (ms,95%): 18.28 err/s 30.99 reconn/s: 0.00
[ 20s ] thds: 56 tps: 7526.37 qps: 213196.61 (r/w/o: 97248.94/100893.93/15053.74) lat (ms,95%): 15.55 err/s 32.50 reconn/s: 0.00
[ 30s ] thds: 56 tps: 7524.95 qps: 214643.39 (r/w/o: 97947.10/101645.38/15050.91) lat (ms,95%): 16.12 err/s 35.30 reconn/s: 0.00
[ 40s ] thds: 56 tps: 7471.23 qps: 212800.23 (r/w/o: 97060.96/100800.12/14939.16) lat (ms,95%): 14.73 err/s 32.50 reconn/s: 0.00
[ 50s ] thds: 56 tps: 7467.75 qps: 213282.83 (r/w/o: 97227.98/101118.35/14936.50) lat (ms,95%): 16.12 err/s 31.10 reconn/s: 0.00
[ 60s ] thds: 56 tps: 7522.21 qps: 214740.19 (r/w/o: 97982.73/101712.74/15044.72) lat (ms,95%): 14.46 err/s 31.00 reconn/s: 0.00
[ 70s ] thds: 56 tps: 7537.22 qps: 215273.72 (r/w/o: 98223.18/101976.70/15073.84) lat (ms,95%): 15.83 err/s 35.30 reconn/s: 0.00
[ 80s ] thds: 56 tps: 7477.98 qps: 212927.57 (r/w/o: 97138.91/100831.40/14957.26) lat (ms,95%): 15.83 err/s 36.30 reconn/s: 0.00
[ 90s ] thds: 56 tps: 7487.05 qps: 213306.38 (r/w/o: 97316.43/101016.75/14973.20) lat (ms,95%): 17.95 err/s 34.80 reconn/s: 0.00
[ 100s ] thds: 56 tps: 7515.37 qps: 214216.56 (r/w/o: 97705.62/101480.10/15030.84) lat (ms,95%): 17.63 err/s 32.70 reconn/s: 0.00
[ 110s ] thds: 56 tps: 7529.15 qps: 214807.72 (r/w/o: 98016.80/101731.62/15059.29) lat (ms,95%): 15.55 err/s 36.80 reconn/s: 0.00
[ 120s ] thds: 56 tps: 7498.53 qps: 212644.69 (r/w/o: 96965.03/100682.70/14996.97) lat (ms,95%): 17.95 err/s 35.70 reconn/s: 0.00
[ 130s ] thds: 56 tps: 7556.28 qps: 215528.68 (r/w/o: 98305.86/102109.35/15113.46) lat (ms,95%): 16.12 err/s 32.20 reconn/s: 0.00
[ 140s ] thds: 56 tps: 7498.35 qps: 214106.79 (r/w/o: 97658.68/101452.90/14995.20) lat (ms,95%): 15.55 err/s 32.30 reconn/s: 0.00
[ 150s ] thds: 56 tps: 7459.49 qps: 213136.44 (r/w/o: 97253.54/100965.53/14917.37) lat (ms,95%): 15.27 err/s 31.30 reconn/s: 0.00
[ 160s ] thds: 56 tps: 7457.50 qps: 212007.64 (r/w/o: 96698.46/100392.46/14916.71) lat (ms,95%): 18.95 err/s 30.80 reconn/s: 0.00
[ 170s ] thds: 56 tps: 7507.19 qps: 213155.08 (r/w/o: 97284.35/100856.25/15014.48) lat (ms,95%): 15.55 err/s 30.30 reconn/s: 0.00
[ 180s ] thds: 56 tps: 7503.27 qps: 215275.17 (r/w/o: 98217.18/102051.06/15006.94) lat (ms,95%): 18.28 err/s 31.40 reconn/s: 0.00
[ 190s ] thds: 56 tps: 7505.11 qps: 214448.49 (r/w/o: 97850.98/101588.48/15009.03) lat (ms,95%): 15.27 err/s 35.50 reconn/s: 0.00
[ 200s ] thds: 56 tps: 7536.19 qps: 214557.45 (r/w/o: 97905.58/101578.38/15073.48) lat (ms,95%): 16.41 err/s 33.90 reconn/s: 0.00
[ 210s ] thds: 56 tps: 7452.53 qps: 212121.98 (r/w/o: 96765.00/100450.42/14906.56) lat (ms,95%): 21.50 err/s 32.20 reconn/s: 0.00
[ 220s ] thds: 56 tps: 7510.57 qps: 213894.30 (r/w/o: 97600.61/101275.25/15018.44) lat (ms,95%): 15.27 err/s 35.50 reconn/s: 0.00
[ 230s ] thds: 56 tps: 7462.95 qps: 211824.33 (r/w/o: 96655.03/100243.10/14926.20) lat (ms,95%): 17.01 err/s 34.70 reconn/s: 0.00
[ 240s ] thds: 56 tps: 7509.33 qps: 213706.23 (r/w/o: 97433.28/101255.39/15017.56) lat (ms,95%): 16.41 err/s 28.70 reconn/s: 0.00
[ 250s ] thds: 56 tps: 7527.76 qps: 213913.40 (r/w/o: 97593.05/101263.03/15057.32) lat (ms,95%): 17.95 err/s 30.00 reconn/s: 0.00
[ 260s ] thds: 56 tps: 7496.61 qps: 213397.48 (r/w/o: 97370.18/101032.29/14995.01) lat (ms,95%): 15.83 err/s 36.30 reconn/s: 0.00
[ 270s ] thds: 56 tps: 7485.84 qps: 212624.26 (r/w/o: 97043.41/100612.68/14968.18) lat (ms,95%): 17.01 err/s 30.10 reconn/s: 0.00
[ 280s ] thds: 56 tps: 7523.84 qps: 212543.99 (r/w/o: 96931.04/100564.76/15048.18) lat (ms,95%): 16.41 err/s 32.80 reconn/s: 0.00
[ 290s ] thds: 56 tps: 7497.98 qps: 214214.43 (r/w/o: 97745.10/101472.08/14997.25) lat (ms,95%): 16.12 err/s 31.90 reconn/s: 0.00
[ 300s ] thds: 56 tps: 7494.30 qps: 212685.62 (r/w/o: 97046.95/100650.85/14987.81) lat (ms,95%): 15.83 err/s 30.20 reconn/s: 0.00
[ 310s ] thds: 56 tps: 7505.49 qps: 213339.94 (r/w/o: 97324.13/101002.32/15013.49) lat (ms,95%): 17.95 err/s 35.00 reconn/s: 0.00
[ 320s ] thds: 56 tps: 7487.62 qps: 212548.15 (r/w/o: 96974.70/100600.61/14972.85) lat (ms,95%): 15.27 err/s 32.30 reconn/s: 0.00
[ 330s ] thds: 56 tps: 7516.40 qps: 214398.48 (r/w/o: 97884.54/101482.24/15031.69) lat (ms,95%): 20.37 err/s 31.30 reconn/s: 0.00
[ 340s ] thds: 56 tps: 7560.09 qps: 215259.97 (r/w/o: 98196.45/101942.44/15121.08) lat (ms,95%): 17.63 err/s 31.90 reconn/s: 0.00
[ 350s ] thds: 56 tps: 7466.00 qps: 210682.72 (r/w/o: 96127.01/99621.11/14934.60) lat (ms,95%): 16.41 err/s 31.60 reconn/s: 0.00
[ 360s ] thds: 56 tps: 7495.29 qps: 212641.68 (r/w/o: 97042.90/100608.20/14990.58) lat (ms,95%): 15.83 err/s 33.60 reconn/s: 0.00
[ 370s ] thds: 56 tps: 7506.40 qps: 213304.70 (r/w/o: 97265.54/101028.45/15010.71) lat (ms,95%): 18.61 err/s 29.20 reconn/s: 0.00
[ 380s ] thds: 56 tps: 7496.12 qps: 213287.87 (r/w/o: 97302.10/100994.12/14991.65) lat (ms,95%): 16.41 err/s 34.40 reconn/s: 0.00
[ 390s ] thds: 56 tps: 7493.50 qps: 213117.90 (r/w/o: 97203.04/100927.55/14987.31) lat (ms,95%): 23.52 err/s 29.50 reconn/s: 0.00
[ 400s ] thds: 56 tps: 7499.37 qps: 213753.74 (r/w/o: 97518.45/101235.94/14999.35) lat (ms,95%): 20.74 err/s 34.60 reconn/s: 0.00
[ 410s ] thds: 56 tps: 7447.23 qps: 211643.63 (r/w/o: 96506.13/100244.45/14893.05) lat (ms,95%): 16.41 err/s 33.90 reconn/s: 0.00
[ 420s ] thds: 56 tps: 7471.21 qps: 213023.65 (r/w/o: 97157.06/100923.46/14943.12) lat (ms,95%): 17.95 err/s 29.70 reconn/s: 0.00
[ 430s ] thds: 56 tps: 7516.99 qps: 213183.43 (r/w/o: 97210.43/100939.52/15033.47) lat (ms,95%): 15.83 err/s 34.30 reconn/s: 0.00
[ 440s ] thds: 56 tps: 7524.73 qps: 213237.39 (r/w/o: 97323.66/100864.27/15049.46) lat (ms,95%): 16.71 err/s 30.60 reconn/s: 0.00
[ 450s ] thds: 56 tps: 7489.20 qps: 214152.53 (r/w/o: 97679.72/101493.72/14979.10) lat (ms,95%): 16.71 err/s 34.60 reconn/s: 0.00
[ 460s ] thds: 56 tps: 7499.26 qps: 212098.08 (r/w/o: 96744.93/100352.32/15000.83) lat (ms,95%): 18.28 err/s 33.60 reconn/s: 0.00
[ 470s ] thds: 56 tps: 7541.49 qps: 213801.69 (r/w/o: 97536.80/101182.00/15082.89) lat (ms,95%): 15.00 err/s 28.40 reconn/s: 0.00
[ 480s ] thds: 56 tps: 7554.78 qps: 214443.18 (r/w/o: 97872.16/101463.65/15107.36) lat (ms,95%): 15.27 err/s 33.80 reconn/s: 0.00
[ 490s ] thds: 56 tps: 7497.02 qps: 212745.70 (r/w/o: 97013.73/100736.94/14995.04) lat (ms,95%): 17.63 err/s 34.40 reconn/s: 0.00
[ 500s ] thds: 56 tps: 7496.20 qps: 213464.80 (r/w/o: 97375.45/101096.05/14993.31) lat (ms,95%): 17.32 err/s 34.20 reconn/s: 0.00
[ 510s ] thds: 56 tps: 7507.16 qps: 213571.42 (r/w/o: 97424.19/101135.42/15011.82) lat (ms,95%): 19.65 err/s 37.10 reconn/s: 0.00
[ 520s ] thds: 56 tps: 7504.44 qps: 214497.69 (r/w/o: 97848.76/101638.24/15010.69) lat (ms,95%): 18.28 err/s 34.10 reconn/s: 0.00
[ 530s ] thds: 56 tps: 7475.14 qps: 211920.86 (r/w/o: 96709.56/100261.43/14949.87) lat (ms,95%): 16.71 err/s 28.90 reconn/s: 0.00
[ 540s ] thds: 56 tps: 7515.91 qps: 214012.69 (r/w/o: 97595.33/101384.94/15032.42) lat (ms,95%): 15.00 err/s 32.20 reconn/s: 0.00
[ 550s ] thds: 56 tps: 7511.70 qps: 212832.86 (r/w/o: 97027.50/100782.15/15023.20) lat (ms,95%): 21.11 err/s 32.10 reconn/s: 0.00
[ 560s ] thds: 56 tps: 7537.17 qps: 214641.83 (r/w/o: 97923.50/101645.49/15072.84) lat (ms,95%): 15.55 err/s 30.60 reconn/s: 0.00
[ 570s ] thds: 56 tps: 7499.26 qps: 213186.95 (r/w/o: 97245.22/100942.20/14999.53) lat (ms,95%): 16.41 err/s 31.00 reconn/s: 0.00
[ 580s ] thds: 56 tps: 7435.84 qps: 211457.36 (r/w/o: 96479.38/100107.70/14870.27) lat (ms,95%): 19.65 err/s 31.70 reconn/s: 0.00
[ 590s ] thds: 56 tps: 7500.91 qps: 213862.78 (r/w/o: 97551.03/101309.53/15002.22) lat (ms,95%): 15.55 err/s 30.90 reconn/s: 0.00
[ 600s ] thds: 56 tps: 7517.88 qps: 214049.62 (r/w/o: 97666.59/101345.98/15037.05) lat (ms,95%): 16.71 err/s 32.70 reconn/s: 0.00
[ 610s ] thds: 56 tps: 7464.22 qps: 212169.23 (r/w/o: 96766.04/100476.05/14927.14) lat (ms,95%): 15.55 err/s 34.40 reconn/s: 0.00
[ 620s ] thds: 56 tps: 7514.04 qps: 213649.94 (r/w/o: 97462.76/101159.89/15027.29) lat (ms,95%): 15.00 err/s 30.30 reconn/s: 0.00
[ 630s ] thds: 56 tps: 7513.70 qps: 214277.42 (r/w/o: 97823.13/101425.69/15028.61) lat (ms,95%): 16.12 err/s 34.20 reconn/s: 0.00
[ 640s ] thds: 56 tps: 7499.05 qps: 213441.48 (r/w/o: 97353.38/101090.10/14998.00) lat (ms,95%): 16.12 err/s 35.00 reconn/s: 0.00
[ 650s ] thds: 56 tps: 7530.19 qps: 212843.60 (r/w/o: 97068.21/100714.40/15060.99) lat (ms,95%): 16.41 err/s 32.60 reconn/s: 0.00
[ 660s ] thds: 56 tps: 7456.50 qps: 212139.25 (r/w/o: 96761.58/100465.28/14912.40) lat (ms,95%): 15.27 err/s 32.90 reconn/s: 0.00
[ 670s ] thds: 56 tps: 7491.40 qps: 213439.72 (r/w/o: 97366.36/101089.66/14983.69) lat (ms,95%): 15.00 err/s 30.30 reconn/s: 0.00
[ 680s ] thds: 56 tps: 7457.66 qps: 212519.63 (r/w/o: 96918.51/100686.79/14914.32) lat (ms,95%): 15.83 err/s 28.80 reconn/s: 0.00
[ 690s ] thds: 56 tps: 7494.30 qps: 213501.32 (r/w/o: 97399.66/101112.66/14989.01) lat (ms,95%): 16.41 err/s 29.50 reconn/s: 0.00
[ 700s ] thds: 56 tps: 7510.82 qps: 214078.24 (r/w/o: 97672.69/101383.80/15021.74) lat (ms,95%): 15.55 err/s 31.20 reconn/s: 0.00
[ 710s ] thds: 56 tps: 7482.63 qps: 211245.04 (r/w/o: 96314.48/99966.90/14963.66) lat (ms,95%): 15.55 err/s 31.80 reconn/s: 0.00
[ 720s ] thds: 56 tps: 7493.67 qps: 212534.18 (r/w/o: 96933.27/100610.16/14990.75) lat (ms,95%): 15.55 err/s 34.00 reconn/s: 0.00
[ 730s ] thds: 56 tps: 7510.49 qps: 213666.51 (r/w/o: 97489.55/101155.89/15021.08) lat (ms,95%): 15.55 err/s 31.10 reconn/s: 0.00
[ 740s ] thds: 56 tps: 7554.22 qps: 214272.60 (r/w/o: 97746.91/101418.37/15107.33) lat (ms,95%): 15.83 err/s 33.80 reconn/s: 0.00
[ 750s ] thds: 56 tps: 7527.42 qps: 213324.30 (r/w/o: 97259.43/101012.54/15052.34) lat (ms,95%): 15.27 err/s 30.30 reconn/s: 0.00
[ 760s ] thds: 56 tps: 7494.79 qps: 213794.27 (r/w/o: 97521.91/101281.30/14991.07) lat (ms,95%): 16.71 err/s 32.40 reconn/s: 0.00
[ 770s ] thds: 56 tps: 7457.02 qps: 212127.79 (r/w/o: 96784.12/100430.23/14913.43) lat (ms,95%): 15.55 err/s 34.00 reconn/s: 0.00
[ 780s ] thds: 56 tps: 7526.22 qps: 215372.69 (r/w/o: 98299.67/102017.98/15055.04) lat (ms,95%): 17.32 err/s 32.00 reconn/s: 0.00
[ 790s ] thds: 56 tps: 7489.99 qps: 213834.15 (r/w/o: 97581.24/101272.84/14980.08) lat (ms,95%): 15.55 err/s 31.10 reconn/s: 0.00
[ 800s ] thds: 56 tps: 7489.32 qps: 212776.15 (r/w/o: 97063.72/100735.18/14977.25) lat (ms,95%): 15.83 err/s 32.20 reconn/s: 0.00
[ 810s ] thds: 56 tps: 7567.14 qps: 214422.83 (r/w/o: 97770.51/101520.13/15132.18) lat (ms,95%): 15.83 err/s 33.20 reconn/s: 0.00
[ 820s ] thds: 56 tps: 7556.50 qps: 215273.44 (r/w/o: 98207.66/101952.57/15113.21) lat (ms,95%): 16.41 err/s 31.70 reconn/s: 0.00
[ 830s ] thds: 56 tps: 7469.90 qps: 213057.93 (r/w/o: 97192.77/100924.77/14940.40) lat (ms,95%): 17.01 err/s 33.40 reconn/s: 0.00
[ 840s ] thds: 56 tps: 7520.91 qps: 213872.26 (r/w/o: 97618.30/101209.45/15044.51) lat (ms,95%): 18.95 err/s 33.30 reconn/s: 0.00
[ 850s ] thds: 56 tps: 7445.10 qps: 211960.08 (r/w/o: 96672.27/100398.02/14889.80) lat (ms,95%): 17.32 err/s 31.10 reconn/s: 0.00
[ 860s ] thds: 56 tps: 7485.79 qps: 212908.86 (r/w/o: 97138.89/100801.09/14968.88) lat (ms,95%): 15.27 err/s 29.50 reconn/s: 0.00
[ 870s ] thds: 56 tps: 7488.22 qps: 213757.10 (r/w/o: 97497.72/101282.13/14977.25) lat (ms,95%): 23.10 err/s 31.60 reconn/s: 0.00
[ 880s ] thds: 56 tps: 7503.06 qps: 213825.37 (r/w/o: 97533.04/101285.32/15007.01) lat (ms,95%): 18.28 err/s 35.30 reconn/s: 0.00
[ 890s ] thds: 56 tps: 7536.64 qps: 214052.82 (r/w/o: 97641.15/101339.68/15071.99) lat (ms,95%): 15.83 err/s 33.00 reconn/s: 0.00
[ 900s ] thds: 56 tps: 7443.73 qps: 211719.40 (r/w/o: 96633.31/100198.12/14887.96) lat (ms,95%): 17.32 err/s 29.00 reconn/s: 0.00
[ 910s ] thds: 56 tps: 7510.55 qps: 212699.30 (r/w/o: 97015.76/100660.24/15023.30) lat (ms,95%): 18.61 err/s 32.30 reconn/s: 0.00
[ 920s ] thds: 56 tps: 7522.87 qps: 214213.71 (r/w/o: 97759.66/101408.80/15045.25) lat (ms,95%): 16.71 err/s 32.80 reconn/s: 0.00
[ 930s ] thds: 56 tps: 7519.01 qps: 214198.26 (r/w/o: 97742.09/101417.65/15038.53) lat (ms,95%): 23.95 err/s 32.70 reconn/s: 0.00
[ 940s ] thds: 56 tps: 7547.27 qps: 215122.89 (r/w/o: 98157.75/101873.49/15091.65) lat (ms,95%): 17.63 err/s 31.20 reconn/s: 0.00
[ 950s ] thds: 56 tps: 7493.15 qps: 213795.48 (r/w/o: 97543.40/101263.98/14988.11) lat (ms,95%): 17.95 err/s 31.60 reconn/s: 0.00
[ 960s ] thds: 56 tps: 7533.68 qps: 214332.25 (r/w/o: 97756.00/101510.19/15066.07) lat (ms,95%): 15.00 err/s 30.70 reconn/s: 0.00
[ 970s ] thds: 56 tps: 7509.64 qps: 214163.27 (r/w/o: 97742.48/101402.10/15018.69) lat (ms,95%): 15.00 err/s 29.40 reconn/s: 0.00
[ 980s ] thds: 56 tps: 7471.34 qps: 212424.34 (r/w/o: 96915.14/100566.92/14942.28) lat (ms,95%): 15.27 err/s 32.20 reconn/s: 0.00
[ 990s ] thds: 56 tps: 7401.11 qps: 211260.32 (r/w/o: 96369.00/100085.70/14805.62) lat (ms,95%): 15.83 err/s 34.90 reconn/s: 0.00
[ 1000s ] thds: 56 tps: 7504.58 qps: 212149.87 (r/w/o: 96806.89/100333.83/15009.15) lat (ms,95%): 15.27 err/s 35.30 reconn/s: 0.00
[ 1010s ] thds: 56 tps: 7467.62 qps: 212256.79 (r/w/o: 96816.09/100507.75/14932.94) lat (ms,95%): 15.27 err/s 32.50 reconn/s: 0.00
[ 1020s ] thds: 56 tps: 7428.02 qps: 211816.06 (r/w/o: 96645.91/100314.92/14855.23) lat (ms,95%): 17.01 err/s 31.90 reconn/s: 0.00
[ 1030s ] thds: 56 tps: 7501.38 qps: 212381.34 (r/w/o: 96857.14/100520.53/15003.66) lat (ms,95%): 16.41 err/s 32.50 reconn/s: 0.00
[ 1040s ] thds: 56 tps: 7467.72 qps: 212591.22 (r/w/o: 97023.78/100629.79/14937.64) lat (ms,95%): 16.41 err/s 32.00 reconn/s: 0.00
[ 1050s ] thds: 56 tps: 7497.65 qps: 212534.48 (r/w/o: 96959.31/100579.88/14995.29) lat (ms,95%): 17.32 err/s 34.10 reconn/s: 0.00
[ 1060s ] thds: 56 tps: 7504.47 qps: 213818.27 (r/w/o: 97506.27/101306.56/15005.43) lat (ms,95%): 16.41 err/s 33.80 reconn/s: 0.00
[ 1070s ] thds: 56 tps: 7479.28 qps: 213487.46 (r/w/o: 97424.88/101102.52/14960.05) lat (ms,95%): 15.83 err/s 35.00 reconn/s: 0.00
[ 1080s ] thds: 56 tps: 7515.03 qps: 213653.64 (r/w/o: 97496.63/101124.94/15032.07) lat (ms,95%): 16.41 err/s 32.30 reconn/s: 0.00
[ 1090s ] thds: 56 tps: 7439.78 qps: 210854.58 (r/w/o: 96136.52/99840.71/14877.35) lat (ms,95%): 15.00 err/s 33.60 reconn/s: 0.00
[ 1100s ] thds: 56 tps: 7544.37 qps: 213133.80 (r/w/o: 97233.99/100809.57/15090.24) lat (ms,95%): 15.83 err/s 33.50 reconn/s: 0.00
[ 1110s ] thds: 56 tps: 7491.29 qps: 213635.29 (r/w/o: 97460.48/101195.33/14979.48) lat (ms,95%): 16.12 err/s 34.40 reconn/s: 0.00
[ 1120s ] thds: 56 tps: 7451.37 qps: 211707.60 (r/w/o: 96576.77/100225.90/14904.93) lat (ms,95%): 16.12 err/s 30.70 reconn/s: 0.00
[ 1130s ] thds: 56 tps: 7501.72 qps: 213302.20 (r/w/o: 97311.72/100988.83/15001.65) lat (ms,95%): 16.12 err/s 32.40 reconn/s: 0.00
[ 1140s ] thds: 56 tps: 7500.38 qps: 213367.29 (r/w/o: 97338.49/101026.93/15001.87) lat (ms,95%): 15.27 err/s 33.40 reconn/s: 0.00
[ 1150s ] thds: 56 tps: 7441.13 qps: 211283.05 (r/w/o: 96432.24/99969.85/14880.97) lat (ms,95%): 15.83 err/s 33.20 reconn/s: 0.00
[ 1160s ] thds: 56 tps: 7469.25 qps: 213137.56 (r/w/o: 97245.90/100951.97/14939.69) lat (ms,95%): 15.83 err/s 32.10 reconn/s: 0.00
[ 1170s ] thds: 56 tps: 7498.71 qps: 213273.50 (r/w/o: 97227.49/101048.69/14997.31) lat (ms,95%): 17.32 err/s 31.40 reconn/s: 0.00
[ 1180s ] thds: 56 tps: 7513.88 qps: 213613.92 (r/w/o: 97421.38/101164.17/15028.37) lat (ms,95%): 16.12 err/s 31.10 reconn/s: 0.00
[ 1190s ] thds: 56 tps: 7489.02 qps: 212365.90 (r/w/o: 96866.63/100521.84/14977.44) lat (ms,95%): 15.27 err/s 30.70 reconn/s: 0.00
[ 1200s ] thds: 56 tps: 7521.37 qps: 213948.99 (r/w/o: 97568.59/101336.37/15044.04) lat (ms,95%): 17.63 err/s 30.50 reconn/s: 0.00
[ 1210s ] thds: 56 tps: 7508.59 qps: 214101.74 (r/w/o: 97680.54/101404.63/15016.57) lat (ms,95%): 18.61 err/s 32.90 reconn/s: 0.00
[ 1220s ] thds: 56 tps: 7509.02 qps: 214382.01 (r/w/o: 97791.61/101572.27/15018.13) lat (ms,95%): 17.01 err/s 31.80 reconn/s: 0.00
[ 1230s ] thds: 56 tps: 7507.97 qps: 213362.38 (r/w/o: 97330.26/101015.99/15016.13) lat (ms,95%): 17.95 err/s 33.80 reconn/s: 0.00
[ 1240s ] thds: 56 tps: 7466.15 qps: 212465.03 (r/w/o: 96957.40/100573.83/14933.79) lat (ms,95%): 16.12 err/s 32.60 reconn/s: 0.00
[ 1250s ] thds: 56 tps: 7459.37 qps: 212253.34 (r/w/o: 96825.15/100511.64/14916.55) lat (ms,95%): 15.83 err/s 33.10 reconn/s: 0.00
[ 1260s ] thds: 56 tps: 7418.73 qps: 211091.96 (r/w/o: 96322.99/99932.61/14836.36) lat (ms,95%): 16.12 err/s 30.90 reconn/s: 0.00
[ 1270s ] thds: 56 tps: 7484.29 qps: 212276.45 (r/w/o: 96821.54/100485.54/14969.38) lat (ms,95%): 19.29 err/s 36.60 reconn/s: 0.00
[ 1280s ] thds: 56 tps: 7483.62 qps: 212869.80 (r/w/o: 97103.23/100799.43/14967.13) lat (ms,95%): 15.83 err/s 32.50 reconn/s: 0.00
[ 1290s ] thds: 56 tps: 7457.49 qps: 211928.16 (r/w/o: 96667.14/100345.64/14915.38) lat (ms,95%): 17.01 err/s 32.80 reconn/s: 0.00
[ 1300s ] thds: 56 tps: 7534.70 qps: 213276.66 (r/w/o: 97292.84/100912.44/15071.39) lat (ms,95%): 21.89 err/s 33.20 reconn/s: 0.00
[ 1310s ] thds: 56 tps: 7498.21 qps: 212137.26 (r/w/o: 96795.99/100344.75/14996.53) lat (ms,95%): 16.41 err/s 31.80 reconn/s: 0.00
[ 1320s ] thds: 56 tps: 7457.46 qps: 213473.47 (r/w/o: 97433.73/101127.21/14912.53) lat (ms,95%): 15.55 err/s 34.00 reconn/s: 0.00
[ 1330s ] thds: 56 tps: 7538.48 qps: 214240.35 (r/w/o: 97705.60/101458.29/15076.45) lat (ms,95%): 16.12 err/s 32.20 reconn/s: 0.00
[ 1340s ] thds: 56 tps: 7444.47 qps: 212458.72 (r/w/o: 96961.90/100607.08/14889.74) lat (ms,95%): 15.27 err/s 30.20 reconn/s: 0.00
[ 1350s ] thds: 56 tps: 7486.63 qps: 212102.84 (r/w/o: 96743.95/100383.42/14975.47) lat (ms,95%): 16.12 err/s 28.20 reconn/s: 0.00
[ 1360s ] thds: 56 tps: 7532.34 qps: 214305.43 (r/w/o: 97751.96/101491.28/15062.19) lat (ms,95%): 16.12 err/s 33.30 reconn/s: 0.00
[ 1370s ] thds: 56 tps: 7513.11 qps: 213364.03 (r/w/o: 97307.31/101031.01/15025.72) lat (ms,95%): 16.12 err/s 28.30 reconn/s: 0.00
[ 1380s ] thds: 56 tps: 7549.47 qps: 214053.98 (r/w/o: 97630.55/101323.99/15099.44) lat (ms,95%): 16.12 err/s 31.80 reconn/s: 0.00
[ 1390s ] thds: 56 tps: 7468.76 qps: 212959.00 (r/w/o: 97175.65/100846.63/14936.72) lat (ms,95%): 17.63 err/s 27.10 reconn/s: 0.00
[ 1400s ] thds: 56 tps: 7496.86 qps: 213705.67 (r/w/o: 97505.24/101204.52/14995.91) lat (ms,95%): 17.01 err/s 34.50 reconn/s: 0.00
[ 1410s ] thds: 56 tps: 7530.73 qps: 214025.87 (r/w/o: 97624.70/101341.01/15060.16) lat (ms,95%): 17.95 err/s 34.70 reconn/s: 0.00
[ 1420s ] thds: 56 tps: 7460.10 qps: 211306.84 (r/w/o: 96375.47/100009.47/14921.90) lat (ms,95%): 17.95 err/s 31.50 reconn/s: 0.00
[ 1430s ] thds: 56 tps: 7444.31 qps: 211559.51 (r/w/o: 96454.42/100218.57/14886.52) lat (ms,95%): 17.95 err/s 31.30 reconn/s: 0.00
[ 1440s ] thds: 56 tps: 7505.12 qps: 214042.00 (r/w/o: 97623.87/101405.28/15012.84) lat (ms,95%): 17.95 err/s 29.50 reconn/s: 0.00
[ 1450s ] thds: 56 tps: 7558.68 qps: 214930.68 (r/w/o: 98032.02/101782.80/15115.86) lat (ms,95%): 17.63 err/s 31.60 reconn/s: 0.00
[ 1460s ] thds: 56 tps: 7468.75 qps: 211976.80 (r/w/o: 96698.69/100340.81/14937.31) lat (ms,95%): 24.83 err/s 31.20 reconn/s: 0.00
[ 1470s ] thds: 56 tps: 7529.53 qps: 214643.16 (r/w/o: 97907.69/101677.41/15058.06) lat (ms,95%): 17.95 err/s 33.40 reconn/s: 0.00
[ 1480s ] thds: 56 tps: 7496.23 qps: 213317.79 (r/w/o: 97345.86/100978.58/14993.36) lat (ms,95%): 17.32 err/s 32.00 reconn/s: 0.00
[ 1490s ] thds: 56 tps: 7444.04 qps: 211937.91 (r/w/o: 96677.87/100370.15/14889.89) lat (ms,95%): 17.32 err/s 33.40 reconn/s: 0.00
[ 1500s ] thds: 56 tps: 7504.72 qps: 213386.55 (r/w/o: 97350.80/101028.11/15007.65) lat (ms,95%): 16.12 err/s 32.50 reconn/s: 0.00
[ 1510s ] thds: 56 tps: 7501.22 qps: 213112.94 (r/w/o: 97269.00/100839.91/15004.03) lat (ms,95%): 19.29 err/s 35.50 reconn/s: 0.00
[ 1520s ] thds: 56 tps: 7460.41 qps: 212134.73 (r/w/o: 96775.68/100439.54/14919.51) lat (ms,95%): 16.12 err/s 34.30 reconn/s: 0.00
[ 1530s ] thds: 56 tps: 7500.81 qps: 213095.73 (r/w/o: 97238.03/100857.58/15000.12) lat (ms,95%): 16.71 err/s 32.00 reconn/s: 0.00
[ 1540s ] thds: 56 tps: 7475.00 qps: 212784.18 (r/w/o: 97075.75/100757.14/14951.29) lat (ms,95%): 16.41 err/s 29.20 reconn/s: 0.00
[ 1550s ] thds: 56 tps: 7497.88 qps: 214619.92 (r/w/o: 97915.68/101706.67/14997.57) lat (ms,95%): 17.95 err/s 32.30 reconn/s: 0.00
[ 1560s ] thds: 56 tps: 7512.37 qps: 213534.86 (r/w/o: 97402.46/101108.85/15023.55) lat (ms,95%): 16.71 err/s 33.20 reconn/s: 0.00
[ 1570s ] thds: 56 tps: 7505.61 qps: 213629.83 (r/w/o: 97520.45/101098.66/15010.72) lat (ms,95%): 16.41 err/s 29.90 reconn/s: 0.00
[ 1580s ] thds: 56 tps: 7461.39 qps: 212453.48 (r/w/o: 96914.31/100614.60/14924.57) lat (ms,95%): 15.83 err/s 32.10 reconn/s: 0.00
[ 1590s ] thds: 56 tps: 7466.58 qps: 211010.96 (r/w/o: 96273.61/99804.20/14933.15) lat (ms,95%): 18.28 err/s 33.10 reconn/s: 0.00
[ 1600s ] thds: 56 tps: 7506.59 qps: 213553.69 (r/w/o: 97386.62/101153.87/15013.19) lat (ms,95%): 15.55 err/s 31.00 reconn/s: 0.00
[ 1610s ] thds: 56 tps: 7554.56 qps: 214519.87 (r/w/o: 97824.54/101589.32/15106.01) lat (ms,95%): 17.63 err/s 31.70 reconn/s: 0.00
[ 1620s ] thds: 56 tps: 7532.95 qps: 213965.88 (r/w/o: 97646.30/101253.88/15065.71) lat (ms,95%): 18.61 err/s 34.90 reconn/s: 0.00
[ 1630s ] thds: 56 tps: 7468.60 qps: 212663.51 (r/w/o: 96995.31/100729.91/14938.30) lat (ms,95%): 15.83 err/s 30.80 reconn/s: 0.00
[ 1640s ] thds: 56 tps: 7486.02 qps: 212174.27 (r/w/o: 96762.10/100439.22/14972.95) lat (ms,95%): 18.61 err/s 33.10 reconn/s: 0.00
[ 1650s ] thds: 56 tps: 7458.07 qps: 212018.20 (r/w/o: 96777.16/100325.80/14915.23) lat (ms,95%): 20.00 err/s 31.80 reconn/s: 0.00
[ 1660s ] thds: 56 tps: 7494.84 qps: 213071.66 (r/w/o: 97183.86/100898.03/14989.77) lat (ms,95%): 16.41 err/s 33.30 reconn/s: 0.00
[ 1670s ] thds: 56 tps: 7482.51 qps: 212796.65 (r/w/o: 97048.26/100783.47/14964.92) lat (ms,95%): 20.74 err/s 35.90 reconn/s: 0.00
[ 1680s ] thds: 56 tps: 7449.85 qps: 212199.11 (r/w/o: 96831.92/100469.00/14898.20) lat (ms,95%): 21.89 err/s 29.50 reconn/s: 0.00
[ 1690s ] thds: 56 tps: 7533.16 qps: 214484.83 (r/w/o: 97846.35/101571.77/15066.71) lat (ms,95%): 17.32 err/s 33.30 reconn/s: 0.00
[ 1700s ] thds: 56 tps: 7531.49 qps: 214558.95 (r/w/o: 97826.79/101667.98/15064.18) lat (ms,95%): 21.89 err/s 29.40 reconn/s: 0.00
[ 1710s ] thds: 56 tps: 7528.17 qps: 214016.68 (r/w/o: 97628.27/101332.26/15056.15) lat (ms,95%): 20.74 err/s 32.20 reconn/s: 0.00
[ 1720s ] thds: 56 tps: 7486.63 qps: 212746.81 (r/w/o: 97015.22/100756.03/14975.56) lat (ms,95%): 19.29 err/s 29.40 reconn/s: 0.00
[ 1730s ] thds: 56 tps: 7526.68 qps: 212750.05 (r/w/o: 97032.29/100666.88/15050.87) lat (ms,95%): 17.95 err/s 30.70 reconn/s: 0.00
[ 1740s ] thds: 56 tps: 7522.30 qps: 213883.01 (r/w/o: 97570.01/101267.31/15045.70) lat (ms,95%): 17.95 err/s 31.90 reconn/s: 0.00
[ 1750s ] thds: 56 tps: 7530.53 qps: 213566.17 (r/w/o: 97394.70/101111.61/15059.86) lat (ms,95%): 17.32 err/s 31.90 reconn/s: 0.00
[ 1760s ] thds: 56 tps: 7504.51 qps: 212429.72 (r/w/o: 96881.45/100536.95/15011.32) lat (ms,95%): 17.95 err/s 33.70 reconn/s: 0.00
[ 1770s ] thds: 56 tps: 7495.78 qps: 213281.36 (r/w/o: 97301.81/100990.40/14989.16) lat (ms,95%): 18.28 err/s 32.80 reconn/s: 0.00
[ 1780s ] thds: 56 tps: 7482.13 qps: 213355.75 (r/w/o: 97355.54/101035.46/14964.75) lat (ms,95%): 17.95 err/s 31.40 reconn/s: 0.00
[ 1790s ] thds: 56 tps: 7479.06 qps: 211661.69 (r/w/o: 96521.04/100182.02/14958.63) lat (ms,95%): 18.28 err/s 32.70 reconn/s: 0.00
[ 1800s ] thds: 56 tps: 7521.02 qps: 213408.24 (r/w/o: 97350.67/101013.83/15043.74) lat (ms,95%): 19.29 err/s 29.90 reconn/s: 0.00
[ 1810s ] thds: 56 tps: 7522.94 qps: 213599.44 (r/w/o: 97415.76/101139.89/15043.79) lat (ms,95%): 17.95 err/s 33.90 reconn/s: 0.00
[ 1820s ] thds: 56 tps: 7487.84 qps: 212390.81 (r/w/o: 96862.16/100551.58/14977.07) lat (ms,95%): 17.63 err/s 33.10 reconn/s: 0.00
[ 1830s ] thds: 56 tps: 7506.03 qps: 213478.75 (r/w/o: 97361.76/101106.22/15010.77) lat (ms,95%): 19.29 err/s 32.60 reconn/s: 0.00
SQL statistics:
    queries performed:
        read:                            178015037
        write:                           184767787
        other:                           27441630
        total:                           390224454
    transactions:                        13720759 (7497.61 per sec.)
    queries:                             390224454 (213235.31 per sec.)
    ignored errors:                      59197  (32.35 per sec.)
    reconnects:                          0      (0.00 per sec.)

General statistics:
    total time:                          1830.0160s
    total number of events:              13720759

Latency (ms):
         min:                                    0.43
         avg:                                    5.63
         max:                                   85.53
         95th percentile:                       17.01
         sum:                             77261971.72

Threads fairness:
    events (avg/stddev):           245013.5536/516.64
    execution time (avg/stddev):   1379.6781/1.51

