sysbench 1.0.18 (using bundled LuaJIT 2.1.0-beta2)

Running the test with following options:
Number of threads: 56
Target transaction rate: 7500/sec
Report intermediate results every 10 second(s)
Initializing random number generator from current time


Initializing worker threads...

Threads started!

[ 10s ] thds: 56 tps: 7490.63 qps: 211974.64 (r/w/o: 96722.48/100255.90/14996.26) lat (ms,95%): 19.29 err/s 31.29 reconn/s: 0.00
[ 20s ] thds: 56 tps: 7472.96 qps: 213052.58 (r/w/o: 97168.83/100936.02/14947.73) lat (ms,95%): 23.95 err/s 31.00 reconn/s: 0.00
[ 30s ] thds: 56 tps: 7507.14 qps: 214050.36 (r/w/o: 97650.87/101387.20/15012.29) lat (ms,95%): 21.89 err/s 34.30 reconn/s: 0.00
[ 40s ] thds: 56 tps: 7555.14 qps: 214862.12 (r/w/o: 98038.06/101713.68/15110.37) lat (ms,95%): 22.28 err/s 33.80 reconn/s: 0.00
[ 50s ] thds: 56 tps: 7512.36 qps: 213426.29 (r/w/o: 97388.22/101012.25/15025.83) lat (ms,95%): 20.37 err/s 34.10 reconn/s: 0.00
[ 60s ] thds: 56 tps: 7508.61 qps: 213866.75 (r/w/o: 97583.64/101265.19/15017.92) lat (ms,95%): 22.69 err/s 33.60 reconn/s: 0.00
[ 70s ] thds: 56 tps: 7501.82 qps: 214442.88 (r/w/o: 97841.46/101599.27/15002.14) lat (ms,95%): 23.52 err/s 33.80 reconn/s: 0.00
[ 80s ] thds: 56 tps: 7513.70 qps: 214730.02 (r/w/o: 97976.91/101726.61/15026.50) lat (ms,95%): 20.37 err/s 32.60 reconn/s: 0.00
[ 90s ] thds: 56 tps: 7498.28 qps: 212329.31 (r/w/o: 96827.58/100505.77/14995.95) lat (ms,95%): 25.74 err/s 29.30 reconn/s: 0.00
[ 100s ] thds: 56 tps: 7508.28 qps: 213859.49 (r/w/o: 97559.02/101280.91/15019.56) lat (ms,95%): 21.11 err/s 33.40 reconn/s: 0.00
[ 110s ] thds: 56 tps: 7438.54 qps: 211514.74 (r/w/o: 96473.77/100166.79/14874.19) lat (ms,95%): 20.74 err/s 29.40 reconn/s: 0.00
[ 120s ] thds: 56 tps: 7452.08 qps: 212126.92 (r/w/o: 96753.88/100466.87/14906.17) lat (ms,95%): 20.74 err/s 33.10 reconn/s: 0.00
[ 130s ] thds: 56 tps: 7502.50 qps: 213936.13 (r/w/o: 97551.65/101379.59/15004.89) lat (ms,95%): 23.52 err/s 31.60 reconn/s: 0.00
[ 140s ] thds: 56 tps: 7510.05 qps: 214595.21 (r/w/o: 97877.51/101699.69/15018.01) lat (ms,95%): 23.95 err/s 31.70 reconn/s: 0.00
[ 150s ] thds: 56 tps: 7445.17 qps: 211907.24 (r/w/o: 96648.76/100366.64/14891.83) lat (ms,95%): 21.50 err/s 33.00 reconn/s: 0.00
[ 160s ] thds: 56 tps: 7473.76 qps: 211540.06 (r/w/o: 96496.08/100094.86/14949.12) lat (ms,95%): 19.29 err/s 32.20 reconn/s: 0.00
[ 170s ] thds: 56 tps: 7540.53 qps: 213610.90 (r/w/o: 97420.31/101110.13/15080.46) lat (ms,95%): 21.11 err/s 33.30 reconn/s: 0.00
[ 180s ] thds: 56 tps: 7528.99 qps: 214043.56 (r/w/o: 97638.49/101348.19/15056.88) lat (ms,95%): 25.74 err/s 33.70 reconn/s: 0.00
[ 190s ] thds: 56 tps: 7520.24 qps: 212349.57 (r/w/o: 96852.86/100456.13/15040.58) lat (ms,95%): 17.32 err/s 33.30 reconn/s: 0.00
[ 200s ] thds: 56 tps: 7498.49 qps: 213795.73 (r/w/o: 97532.86/101265.80/14997.08) lat (ms,95%): 20.74 err/s 34.10 reconn/s: 0.00
[ 210s ] thds: 56 tps: 7526.77 qps: 213761.86 (r/w/o: 97538.49/101170.23/15053.14) lat (ms,95%): 19.29 err/s 30.80 reconn/s: 0.00
[ 220s ] thds: 56 tps: 7478.36 qps: 212583.78 (r/w/o: 96940.37/100686.29/14957.12) lat (ms,95%): 22.28 err/s 35.30 reconn/s: 0.00
[ 230s ] thds: 56 tps: 7502.93 qps: 212910.65 (r/w/o: 97115.42/100790.48/15004.75) lat (ms,95%): 18.28 err/s 32.80 reconn/s: 0.00
[ 240s ] thds: 56 tps: 7553.27 qps: 214953.69 (r/w/o: 98037.81/101807.74/15108.14) lat (ms,95%): 26.68 err/s 35.40 reconn/s: 0.00
[ 250s ] thds: 56 tps: 7510.49 qps: 213237.17 (r/w/o: 97276.15/100938.94/15022.08) lat (ms,95%): 19.65 err/s 28.40 reconn/s: 0.00
[ 260s ] thds: 56 tps: 7480.90 qps: 212836.89 (r/w/o: 97058.33/100819.48/14959.09) lat (ms,95%): 21.11 err/s 31.10 reconn/s: 0.00
[ 270s ] thds: 56 tps: 7497.47 qps: 212228.93 (r/w/o: 96799.55/100431.93/14997.45) lat (ms,95%): 23.95 err/s 34.70 reconn/s: 0.00
[ 280s ] thds: 56 tps: 7458.65 qps: 211462.78 (r/w/o: 96458.68/100089.21/14914.89) lat (ms,95%): 19.65 err/s 32.60 reconn/s: 0.00
[ 290s ] thds: 56 tps: 7489.46 qps: 211917.38 (r/w/o: 96669.89/100267.37/14980.12) lat (ms,95%): 20.00 err/s 29.30 reconn/s: 0.00
[ 300s ] thds: 56 tps: 7478.67 qps: 212848.48 (r/w/o: 97105.53/100784.61/14958.34) lat (ms,95%): 21.89 err/s 35.60 reconn/s: 0.00
[ 310s ] thds: 56 tps: 7500.70 qps: 213388.48 (r/w/o: 97368.04/101020.84/14999.61) lat (ms,95%): 22.69 err/s 32.50 reconn/s: 0.00
[ 320s ] thds: 56 tps: 7497.11 qps: 212702.64 (r/w/o: 96995.45/100711.56/14995.62) lat (ms,95%): 21.50 err/s 30.60 reconn/s: 0.00
[ 330s ] thds: 56 tps: 7522.33 qps: 214072.22 (r/w/o: 97675.92/101352.74/15043.56) lat (ms,95%): 21.50 err/s 35.80 reconn/s: 0.00
[ 340s ] thds: 56 tps: 7500.96 qps: 213676.19 (r/w/o: 97521.91/101150.45/15003.83) lat (ms,95%): 22.69 err/s 32.40 reconn/s: 0.00
[ 350s ] thds: 56 tps: 7475.53 qps: 212518.17 (r/w/o: 96953.12/100614.09/14950.96) lat (ms,95%): 19.29 err/s 33.60 reconn/s: 0.00
[ 360s ] thds: 56 tps: 7542.96 qps: 213981.82 (r/w/o: 97603.32/101292.49/15086.01) lat (ms,95%): 25.74 err/s 33.90 reconn/s: 0.00
[ 370s ] thds: 56 tps: 7493.82 qps: 212917.07 (r/w/o: 97129.52/100800.02/14987.53) lat (ms,95%): 19.29 err/s 33.10 reconn/s: 0.00
[ 380s ] thds: 56 tps: 7520.35 qps: 214591.87 (r/w/o: 97919.50/101635.48/15036.89) lat (ms,95%): 23.10 err/s 32.60 reconn/s: 0.00
[ 390s ] thds: 56 tps: 7524.85 qps: 213929.30 (r/w/o: 97568.49/101309.82/15050.99) lat (ms,95%): 24.83 err/s 31.40 reconn/s: 0.00
[ 400s ] thds: 56 tps: 7509.76 qps: 213346.93 (r/w/o: 97319.09/101006.62/15021.22) lat (ms,95%): 20.74 err/s 32.40 reconn/s: 0.00
[ 410s ] thds: 56 tps: 7507.37 qps: 212941.76 (r/w/o: 97141.92/100785.60/15014.24) lat (ms,95%): 19.65 err/s 32.60 reconn/s: 0.00
[ 420s ] thds: 56 tps: 7491.82 qps: 213254.96 (r/w/o: 97286.68/100984.44/14983.84) lat (ms,95%): 21.11 err/s 29.80 reconn/s: 0.00
[ 430s ] thds: 56 tps: 7480.59 qps: 212120.35 (r/w/o: 96790.85/100367.41/14962.09) lat (ms,95%): 19.29 err/s 34.00 reconn/s: 0.00
[ 440s ] thds: 56 tps: 7471.66 qps: 211876.08 (r/w/o: 96684.85/100250.12/14941.12) lat (ms,95%): 19.65 err/s 31.00 reconn/s: 0.00
[ 450s ] thds: 56 tps: 7453.18 qps: 211973.64 (r/w/o: 96725.59/100340.58/14907.47) lat (ms,95%): 20.74 err/s 34.10 reconn/s: 0.00
[ 460s ] thds: 56 tps: 7481.45 qps: 212162.56 (r/w/o: 96804.67/100395.89/14962.00) lat (ms,95%): 26.68 err/s 30.80 reconn/s: 0.00
[ 470s ] thds: 56 tps: 7517.50 qps: 213147.07 (r/w/o: 97248.33/100862.83/15035.90) lat (ms,95%): 24.83 err/s 30.70 reconn/s: 0.00
[ 480s ] thds: 56 tps: 7514.10 qps: 213270.61 (r/w/o: 97292.11/100952.11/15026.40) lat (ms,95%): 24.38 err/s 32.70 reconn/s: 0.00
[ 490s ] thds: 56 tps: 7488.43 qps: 213930.44 (r/w/o: 97607.50/101342.97/14979.96) lat (ms,95%): 21.89 err/s 32.80 reconn/s: 0.00
[ 500s ] thds: 56 tps: 7512.65 qps: 212779.47 (r/w/o: 97093.65/100661.92/15023.90) lat (ms,95%): 21.50 err/s 33.80 reconn/s: 0.00
[ 510s ] thds: 56 tps: 7496.86 qps: 211886.14 (r/w/o: 96618.75/100274.67/14992.72) lat (ms,95%): 18.95 err/s 29.70 reconn/s: 0.00
[ 520s ] thds: 56 tps: 7503.88 qps: 214126.07 (r/w/o: 97694.64/101421.18/15010.26) lat (ms,95%): 24.83 err/s 33.80 reconn/s: 0.00
[ 530s ] thds: 56 tps: 7530.01 qps: 214160.08 (r/w/o: 97736.65/101363.51/15059.92) lat (ms,95%): 23.10 err/s 30.90 reconn/s: 0.00
[ 540s ] thds: 56 tps: 7493.94 qps: 212765.24 (r/w/o: 97053.02/100724.24/14987.98) lat (ms,95%): 22.28 err/s 34.10 reconn/s: 0.00
[ 550s ] thds: 56 tps: 7507.11 qps: 213865.67 (r/w/o: 97552.03/101300.33/15013.32) lat (ms,95%): 26.68 err/s 29.00 reconn/s: 0.00
[ 560s ] thds: 56 tps: 7481.47 qps: 213743.69 (r/w/o: 97490.51/101289.45/14963.74) lat (ms,95%): 22.69 err/s 33.00 reconn/s: 0.00
[ 570s ] thds: 56 tps: 7462.21 qps: 211425.43 (r/w/o: 96398.18/100104.23/14923.01) lat (ms,95%): 23.10 err/s 31.30 reconn/s: 0.00
[ 580s ] thds: 56 tps: 7435.12 qps: 211084.37 (r/w/o: 96266.16/99948.87/14869.34) lat (ms,95%): 23.52 err/s 28.90 reconn/s: 0.00
[ 590s ] thds: 56 tps: 7472.41 qps: 211936.79 (r/w/o: 96728.13/100261.54/14947.12) lat (ms,95%): 26.20 err/s 34.40 reconn/s: 0.00
[ 600s ] thds: 56 tps: 7527.09 qps: 214152.85 (r/w/o: 97722.34/101378.23/15052.28) lat (ms,95%): 21.50 err/s 31.80 reconn/s: 0.00
[ 610s ] thds: 56 tps: 7492.49 qps: 212754.90 (r/w/o: 97090.12/100679.11/14985.67) lat (ms,95%): 21.89 err/s 32.40 reconn/s: 0.00
[ 620s ] thds: 56 tps: 7500.83 qps: 212367.88 (r/w/o: 96877.56/100490.57/14999.76) lat (ms,95%): 24.38 err/s 31.70 reconn/s: 0.00
[ 630s ] thds: 56 tps: 7477.70 qps: 211892.72 (r/w/o: 96669.71/100264.41/14958.60) lat (ms,95%): 21.89 err/s 31.20 reconn/s: 0.00
[ 640s ] thds: 56 tps: 7516.09 qps: 213904.15 (r/w/o: 97619.41/101252.46/15032.29) lat (ms,95%): 22.28 err/s 31.90 reconn/s: 0.00
[ 650s ] thds: 56 tps: 7494.81 qps: 214176.17 (r/w/o: 97673.59/101513.05/14989.53) lat (ms,95%): 22.69 err/s 31.40 reconn/s: 0.00
[ 660s ] thds: 56 tps: 7499.59 qps: 212462.77 (r/w/o: 96891.89/100573.59/14997.28) lat (ms,95%): 23.95 err/s 31.80 reconn/s: 0.00
[ 670s ] thds: 56 tps: 7491.87 qps: 213613.18 (r/w/o: 97463.26/101164.29/14985.63) lat (ms,95%): 25.74 err/s 31.20 reconn/s: 0.00
[ 680s ] thds: 56 tps: 7502.81 qps: 212985.79 (r/w/o: 97176.36/100806.01/15003.42) lat (ms,95%): 20.00 err/s 34.40 reconn/s: 0.00
[ 690s ] thds: 56 tps: 7446.73 qps: 211650.99 (r/w/o: 96571.86/100185.17/14893.96) lat (ms,95%): 20.00 err/s 33.20 reconn/s: 0.00
[ 700s ] thds: 56 tps: 7471.31 qps: 212683.48 (r/w/o: 97021.63/100719.63/14942.22) lat (ms,95%): 27.17 err/s 31.50 reconn/s: 0.00
[ 710s ] thds: 56 tps: 7492.81 qps: 212956.04 (r/w/o: 97120.79/100848.64/14986.61) lat (ms,95%): 21.50 err/s 32.30 reconn/s: 0.00
[ 720s ] thds: 56 tps: 7498.95 qps: 213496.74 (r/w/o: 97373.10/101126.03/14997.61) lat (ms,95%): 21.50 err/s 30.70 reconn/s: 0.00
[ 730s ] thds: 56 tps: 7497.83 qps: 214534.69 (r/w/o: 97896.36/101641.27/14997.05) lat (ms,95%): 23.10 err/s 32.60 reconn/s: 0.00
[ 740s ] thds: 56 tps: 7487.00 qps: 213024.81 (r/w/o: 97161.30/100891.90/14971.60) lat (ms,95%): 30.26 err/s 31.70 reconn/s: 0.00
[ 750s ] thds: 56 tps: 7532.43 qps: 214122.19 (r/w/o: 97681.88/101374.15/15066.16) lat (ms,95%): 28.16 err/s 31.90 reconn/s: 0.00
[ 760s ] thds: 56 tps: 7493.15 qps: 213239.16 (r/w/o: 97288.02/100965.64/14985.50) lat (ms,95%): 31.94 err/s 32.30 reconn/s: 0.00
[ 770s ] thds: 56 tps: 7480.10 qps: 212999.82 (r/w/o: 97156.64/100881.19/14961.99) lat (ms,95%): 28.16 err/s 31.50 reconn/s: 0.00
[ 780s ] thds: 56 tps: 7528.22 qps: 213863.90 (r/w/o: 97579.85/101229.51/15054.54) lat (ms,95%): 22.28 err/s 30.80 reconn/s: 0.00
[ 790s ] thds: 56 tps: 7497.43 qps: 213063.78 (r/w/o: 97197.05/100869.97/14996.77) lat (ms,95%): 30.81 err/s 34.60 reconn/s: 0.00
[ 800s ] thds: 56 tps: 7497.70 qps: 213039.83 (r/w/o: 97188.04/100858.69/14993.09) lat (ms,95%): 24.83 err/s 33.60 reconn/s: 0.00
[ 810s ] thds: 56 tps: 7504.98 qps: 213175.00 (r/w/o: 97251.30/100911.74/15011.95) lat (ms,95%): 22.69 err/s 31.60 reconn/s: 0.00
[ 820s ] thds: 56 tps: 7474.26 qps: 212292.56 (r/w/o: 96829.42/100516.81/14946.33) lat (ms,95%): 20.37 err/s 33.60 reconn/s: 0.00
[ 830s ] thds: 56 tps: 7484.59 qps: 213274.44 (r/w/o: 97297.53/101005.12/14971.79) lat (ms,95%): 25.74 err/s 35.00 reconn/s: 0.00
[ 840s ] thds: 56 tps: 7505.66 qps: 212682.94 (r/w/o: 97040.44/100631.27/15011.23) lat (ms,95%): 21.89 err/s 34.60 reconn/s: 0.00
[ 850s ] thds: 56 tps: 7460.50 qps: 212187.19 (r/w/o: 96825.54/100440.54/14921.11) lat (ms,95%): 22.69 err/s 33.60 reconn/s: 0.00
[ 860s ] thds: 56 tps: 7542.66 qps: 213288.85 (r/w/o: 97296.88/100909.36/15082.62) lat (ms,95%): 21.50 err/s 28.20 reconn/s: 0.00
[ 870s ] thds: 56 tps: 7482.72 qps: 213091.34 (r/w/o: 97230.29/100893.01/14968.05) lat (ms,95%): 22.28 err/s 32.40 reconn/s: 0.00
[ 880s ] thds: 56 tps: 7529.77 qps: 214276.49 (r/w/o: 97801.29/101416.77/15058.44) lat (ms,95%): 32.53 err/s 30.20 reconn/s: 0.00
[ 890s ] thds: 56 tps: 7457.97 qps: 213702.06 (r/w/o: 97468.36/101319.05/14914.65) lat (ms,95%): 26.68 err/s 29.10 reconn/s: 0.00
[ 900s ] thds: 56 tps: 7531.40 qps: 214510.66 (r/w/o: 97891.75/101554.80/15064.11) lat (ms,95%): 31.94 err/s 33.80 reconn/s: 0.00
[ 910s ] thds: 56 tps: 7470.76 qps: 213193.64 (r/w/o: 97231.41/101019.52/14942.71) lat (ms,95%): 23.52 err/s 34.09 reconn/s: 0.00
[ 920s ] thds: 56 tps: 7506.66 qps: 214101.54 (r/w/o: 97648.99/101439.43/15013.12) lat (ms,95%): 24.83 err/s 36.11 reconn/s: 0.00
[ 930s ] thds: 56 tps: 7557.00 qps: 214310.66 (r/w/o: 97781.23/101415.23/15114.20) lat (ms,95%): 29.19 err/s 31.80 reconn/s: 0.00
[ 940s ] thds: 56 tps: 7520.94 qps: 213288.46 (r/w/o: 97288.58/100958.20/15041.67) lat (ms,95%): 24.83 err/s 30.50 reconn/s: 0.00
[ 950s ] thds: 56 tps: 7505.19 qps: 213756.07 (r/w/o: 97549.65/101197.44/15008.98) lat (ms,95%): 27.66 err/s 34.80 reconn/s: 0.00
[ 960s ] thds: 56 tps: 7524.64 qps: 213331.88 (r/w/o: 97347.89/100934.12/15049.87) lat (ms,95%): 24.38 err/s 31.30 reconn/s: 0.00
[ 970s ] thds: 56 tps: 7492.57 qps: 212835.19 (r/w/o: 97121.79/100727.26/14986.14) lat (ms,95%): 23.10 err/s 33.80 reconn/s: 0.00
[ 980s ] thds: 56 tps: 7490.69 qps: 212831.65 (r/w/o: 97089.83/100761.93/14979.89) lat (ms,95%): 23.95 err/s 33.80 reconn/s: 0.00
[ 990s ] thds: 56 tps: 7483.30 qps: 212900.27 (r/w/o: 97175.59/100756.68/14968.00) lat (ms,95%): 27.66 err/s 34.00 reconn/s: 0.00
[ 1000s ] thds: 56 tps: 7497.68 qps: 214389.50 (r/w/o: 97812.78/101583.37/14993.35) lat (ms,95%): 22.69 err/s 32.90 reconn/s: 0.00
[ 1010s ] thds: 56 tps: 7469.01 qps: 213319.39 (r/w/o: 97339.23/101040.14/14940.02) lat (ms,95%): 31.94 err/s 30.50 reconn/s: 0.00
[ 1020s ] thds: 56 tps: 7480.49 qps: 212439.30 (r/w/o: 96894.72/100584.81/14959.77) lat (ms,95%): 20.74 err/s 31.70 reconn/s: 0.00
[ 1030s ] thds: 56 tps: 7499.72 qps: 212748.79 (r/w/o: 97033.22/100716.03/14999.53) lat (ms,95%): 31.94 err/s 34.20 reconn/s: 0.00
[ 1040s ] thds: 56 tps: 7476.26 qps: 211735.80 (r/w/o: 96589.82/100195.05/14950.93) lat (ms,95%): 22.28 err/s 30.50 reconn/s: 0.00
[ 1050s ] thds: 56 tps: 7512.54 qps: 214394.34 (r/w/o: 97806.04/101563.31/15024.98) lat (ms,95%): 22.28 err/s 33.20 reconn/s: 0.00
[ 1060s ] thds: 56 tps: 7498.67 qps: 212491.99 (r/w/o: 96925.93/100565.82/15000.24) lat (ms,95%): 28.67 err/s 32.30 reconn/s: 0.00
[ 1070s ] thds: 56 tps: 7497.54 qps: 213321.45 (r/w/o: 97320.83/101007.05/14993.58) lat (ms,95%): 26.20 err/s 30.10 reconn/s: 0.00
[ 1080s ] thds: 56 tps: 7521.35 qps: 213179.93 (r/w/o: 97240.73/100895.00/15044.20) lat (ms,95%): 30.81 err/s 32.20 reconn/s: 0.00
[ 1090s ] thds: 56 tps: 7524.22 qps: 214850.59 (r/w/o: 98044.41/101759.73/15046.45) lat (ms,95%): 30.81 err/s 33.00 reconn/s: 0.00
[ 1100s ] thds: 56 tps: 7524.19 qps: 214265.63 (r/w/o: 97766.48/101448.87/15050.28) lat (ms,95%): 30.26 err/s 33.10 reconn/s: 0.00
[ 1110s ] thds: 56 tps: 7517.12 qps: 213369.39 (r/w/o: 97339.67/100997.78/15031.94) lat (ms,95%): 39.65 err/s 34.20 reconn/s: 0.00
[ 1120s ] thds: 56 tps: 7513.39 qps: 213051.38 (r/w/o: 97237.50/100785.89/15027.98) lat (ms,95%): 32.53 err/s 31.50 reconn/s: 0.00
[ 1130s ] thds: 56 tps: 7491.03 qps: 212074.57 (r/w/o: 96755.15/100337.57/14981.85) lat (ms,95%): 26.20 err/s 30.40 reconn/s: 0.00
[ 1140s ] thds: 56 tps: 7476.13 qps: 212818.18 (r/w/o: 97093.80/100772.53/14951.86) lat (ms,95%): 24.38 err/s 32.59 reconn/s: 0.00
[ 1150s ] thds: 56 tps: 7450.40 qps: 211514.82 (r/w/o: 96481.94/100130.47/14902.41) lat (ms,95%): 25.74 err/s 35.21 reconn/s: 0.00
[ 1160s ] thds: 56 tps: 7498.46 qps: 213310.67 (r/w/o: 97255.80/101059.94/14994.92) lat (ms,95%): 34.33 err/s 33.90 reconn/s: 0.00
[ 1170s ] thds: 56 tps: 7505.49 qps: 213376.23 (r/w/o: 97360.82/101004.92/15010.49) lat (ms,95%): 29.19 err/s 34.20 reconn/s: 0.00
[ 1180s ] thds: 56 tps: 7443.96 qps: 211886.80 (r/w/o: 96667.95/100328.23/14890.62) lat (ms,95%): 30.26 err/s 31.10 reconn/s: 0.00
[ 1190s ] thds: 56 tps: 7498.66 qps: 212930.89 (r/w/o: 97139.12/100794.55/14997.23) lat (ms,95%): 23.52 err/s 32.10 reconn/s: 0.00
[ 1200s ] thds: 56 tps: 7453.77 qps: 211042.43 (r/w/o: 96282.65/99852.13/14907.65) lat (ms,95%): 28.67 err/s 33.00 reconn/s: 0.00
[ 1210s ] thds: 56 tps: 7508.39 qps: 213573.02 (r/w/o: 97404.83/101151.72/15016.47) lat (ms,95%): 33.72 err/s 32.10 reconn/s: 0.00
[ 1220s ] thds: 56 tps: 7567.99 qps: 216629.77 (r/w/o: 98807.23/102687.57/15134.97) lat (ms,95%): 53.85 err/s 34.60 reconn/s: 0.00
[ 1230s ] thds: 56 tps: 7520.07 qps: 214128.99 (r/w/o: 97697.61/101389.94/15041.44) lat (ms,95%): 35.59 err/s 32.70 reconn/s: 0.00
[ 1240s ] thds: 56 tps: 7454.55 qps: 212031.66 (r/w/o: 96706.36/100416.29/14909.00) lat (ms,95%): 34.95 err/s 30.90 reconn/s: 0.00
[ 1250s ] thds: 56 tps: 7479.54 qps: 213152.48 (r/w/o: 97211.89/100981.51/14959.08) lat (ms,95%): 30.81 err/s 30.90 reconn/s: 0.00
[ 1260s ] thds: 56 tps: 7515.30 qps: 213002.81 (r/w/o: 97212.16/100759.96/15030.69) lat (ms,95%): 26.68 err/s 33.60 reconn/s: 0.00
[ 1270s ] thds: 56 tps: 7465.77 qps: 212148.97 (r/w/o: 96742.68/100474.96/14931.33) lat (ms,95%): 28.67 err/s 32.80 reconn/s: 0.00
[ 1280s ] thds: 56 tps: 7505.08 qps: 213400.29 (r/w/o: 97385.42/101004.51/15010.36) lat (ms,95%): 38.25 err/s 29.40 reconn/s: 0.00
[ 1290s ] thds: 56 tps: 7442.65 qps: 211036.41 (r/w/o: 96245.99/99906.31/14884.11) lat (ms,95%): 24.83 err/s 31.50 reconn/s: 0.00
[ 1300s ] thds: 56 tps: 7498.26 qps: 213535.96 (r/w/o: 97378.13/101162.21/14995.63) lat (ms,95%): 29.19 err/s 33.10 reconn/s: 0.00
[ 1310s ] thds: 56 tps: 7481.40 qps: 212493.28 (r/w/o: 96883.69/100644.69/14964.90) lat (ms,95%): 23.95 err/s 33.90 reconn/s: 0.00
[ 1320s ] thds: 56 tps: 7470.38 qps: 212752.82 (r/w/o: 97065.73/100746.42/14940.66) lat (ms,95%): 26.20 err/s 33.20 reconn/s: 0.00
[ 1330s ] thds: 56 tps: 7487.93 qps: 213341.74 (r/w/o: 97309.33/101056.44/14975.97) lat (ms,95%): 45.79 err/s 31.20 reconn/s: 0.00
[ 1340s ] thds: 56 tps: 7477.02 qps: 211483.88 (r/w/o: 96476.09/100055.15/14952.64) lat (ms,95%): 29.19 err/s 32.90 reconn/s: 0.00
[ 1350s ] thds: 56 tps: 7495.57 qps: 212462.68 (r/w/o: 96906.40/100564.24/14992.04) lat (ms,95%): 29.72 err/s 33.00 reconn/s: 0.00
[ 1360s ] thds: 56 tps: 7543.51 qps: 213417.37 (r/w/o: 97354.67/100977.47/15085.23) lat (ms,95%): 30.81 err/s 35.50 reconn/s: 0.00
[ 1370s ] thds: 56 tps: 7469.17 qps: 211618.20 (r/w/o: 96523.19/100155.67/14939.34) lat (ms,95%): 24.38 err/s 31.10 reconn/s: 0.00
[ 1380s ] thds: 56 tps: 7515.13 qps: 213893.75 (r/w/o: 97568.03/101296.05/15029.67) lat (ms,95%): 33.72 err/s 33.20 reconn/s: 0.00
[ 1390s ] thds: 56 tps: 7520.38 qps: 214301.21 (r/w/o: 97716.08/101542.57/15042.57) lat (ms,95%): 32.53 err/s 33.40 reconn/s: 0.00
[ 1400s ] thds: 56 tps: 7470.69 qps: 213024.05 (r/w/o: 97167.63/100915.63/14940.79) lat (ms,95%): 26.20 err/s 34.30 reconn/s: 0.00
[ 1410s ] thds: 56 tps: 7518.45 qps: 213885.51 (r/w/o: 97581.90/101267.02/15036.59) lat (ms,95%): 45.79 err/s 34.90 reconn/s: 0.00
[ 1420s ] thds: 56 tps: 7454.27 qps: 211743.04 (r/w/o: 96615.25/100218.24/14909.55) lat (ms,95%): 25.28 err/s 30.30 reconn/s: 0.00
[ 1430s ] thds: 56 tps: 7490.72 qps: 211820.18 (r/w/o: 96626.01/100215.12/14979.05) lat (ms,95%): 23.10 err/s 31.00 reconn/s: 0.00
[ 1440s ] thds: 56 tps: 7501.78 qps: 212670.64 (r/w/o: 97005.60/100659.29/15005.75) lat (ms,95%): 29.19 err/s 32.80 reconn/s: 0.00
[ 1450s ] thds: 56 tps: 7496.10 qps: 212826.71 (r/w/o: 97108.01/100726.61/14992.10) lat (ms,95%): 32.53 err/s 30.90 reconn/s: 0.00
[ 1460s ] thds: 56 tps: 7487.56 qps: 213508.48 (r/w/o: 97395.29/101138.47/14974.72) lat (ms,95%): 32.53 err/s 32.60 reconn/s: 0.00
[ 1470s ] thds: 56 tps: 7500.12 qps: 213977.04 (r/w/o: 97588.45/101389.36/14999.24) lat (ms,95%): 40.37 err/s 31.60 reconn/s: 0.00
[ 1480s ] thds: 56 tps: 7511.43 qps: 213839.93 (r/w/o: 97598.93/101216.45/15024.55) lat (ms,95%): 34.95 err/s 34.70 reconn/s: 0.00
[ 1490s ] thds: 56 tps: 7506.07 qps: 214709.36 (r/w/o: 97931.86/101765.55/15011.95) lat (ms,95%): 44.17 err/s 32.10 reconn/s: 0.00
[ 1500s ] thds: 56 tps: 7534.36 qps: 213577.20 (r/w/o: 97413.60/101094.68/15068.92) lat (ms,95%): 27.66 err/s 32.60 reconn/s: 0.00
[ 1510s ] thds: 56 tps: 7487.35 qps: 213408.22 (r/w/o: 97329.00/101104.63/14974.59) lat (ms,95%): 36.24 err/s 33.80 reconn/s: 0.00
[ 1520s ] thds: 56 tps: 7533.61 qps: 214533.87 (r/w/o: 97862.68/101603.88/15067.31) lat (ms,95%): 40.37 err/s 29.70 reconn/s: 0.00
[ 1530s ] thds: 56 tps: 7522.24 qps: 214106.46 (r/w/o: 97702.26/101359.83/15044.37) lat (ms,95%): 30.26 err/s 32.90 reconn/s: 0.00
[ 1540s ] thds: 56 tps: 7516.93 qps: 213636.39 (r/w/o: 97465.68/101136.75/15033.96) lat (ms,95%): 41.85 err/s 31.70 reconn/s: 0.00
[ 1550s ] thds: 56 tps: 7531.30 qps: 213609.43 (r/w/o: 97457.49/101089.74/15062.20) lat (ms,95%): 24.83 err/s 34.40 reconn/s: 0.00
[ 1560s ] thds: 56 tps: 7490.57 qps: 213508.49 (r/w/o: 97396.53/101130.51/14981.44) lat (ms,95%): 39.65 err/s 30.80 reconn/s: 0.00
[ 1570s ] thds: 56 tps: 7484.31 qps: 213269.83 (r/w/o: 97352.45/100948.66/14968.72) lat (ms,95%): 51.94 err/s 30.90 reconn/s: 0.00
[ 1580s ] thds: 56 tps: 7480.46 qps: 212689.11 (r/w/o: 97023.13/100706.56/14959.41) lat (ms,95%): 34.33 err/s 30.50 reconn/s: 0.00
[ 1590s ] thds: 56 tps: 7456.29 qps: 212675.53 (r/w/o: 97035.17/100728.78/14911.58) lat (ms,95%): 29.72 err/s 33.19 reconn/s: 0.00
[ 1600s ] thds: 56 tps: 7482.40 qps: 211831.57 (r/w/o: 96628.20/100236.27/14967.09) lat (ms,95%): 28.16 err/s 32.01 reconn/s: 0.00
[ 1610s ] thds: 56 tps: 7493.49 qps: 213134.86 (r/w/o: 97221.59/100926.19/14987.08) lat (ms,95%): 29.19 err/s 32.60 reconn/s: 0.00
[ 1620s ] thds: 56 tps: 7534.88 qps: 214723.86 (r/w/o: 97935.11/101718.90/15069.86) lat (ms,95%): 38.25 err/s 31.90 reconn/s: 0.00
[ 1630s ] thds: 56 tps: 7490.54 qps: 211704.10 (r/w/o: 96552.43/100170.60/14981.08) lat (ms,95%): 30.26 err/s 28.90 reconn/s: 0.00
[ 1640s ] thds: 56 tps: 7488.80 qps: 212419.57 (r/w/o: 96929.01/100513.56/14977.00) lat (ms,95%): 30.26 err/s 35.10 reconn/s: 0.00
[ 1650s ] thds: 56 tps: 7520.68 qps: 214054.54 (r/w/o: 97651.19/101361.48/15041.87) lat (ms,95%): 37.56 err/s 31.10 reconn/s: 0.00
[ 1660s ] thds: 56 tps: 7488.30 qps: 213137.98 (r/w/o: 97267.55/100893.85/14976.59) lat (ms,95%): 97.55 err/s 32.70 reconn/s: 0.00
[ 1670s ] thds: 56 tps: 7523.68 qps: 214328.18 (r/w/o: 97794.74/101488.98/15044.46) lat (ms,95%): 59.99 err/s 34.80 reconn/s: 0.00
[ 1680s ] thds: 56 tps: 7491.75 qps: 213818.23 (r/w/o: 97546.98/101284.75/14986.50) lat (ms,95%): 48.34 err/s 31.90 reconn/s: 0.00
[ 1690s ] thds: 56 tps: 7532.23 qps: 214394.41 (r/w/o: 97837.84/101492.61/15063.95) lat (ms,95%): 40.37 err/s 33.00 reconn/s: 0.00
[ 1700s ] thds: 56 tps: 7462.99 qps: 212751.04 (r/w/o: 97025.13/100799.42/14926.49) lat (ms,95%): 54.83 err/s 33.30 reconn/s: 0.00
[ 1710s ] thds: 56 tps: 7477.78 qps: 212744.76 (r/w/o: 97086.53/100702.77/14955.46) lat (ms,95%): 53.85 err/s 28.60 reconn/s: 0.00
[ 1720s ] thds: 56 tps: 7490.84 qps: 212575.49 (r/w/o: 96961.40/100632.41/14981.68) lat (ms,95%): 30.81 err/s 31.80 reconn/s: 0.00
[ 1730s ] thds: 56 tps: 7460.15 qps: 212746.06 (r/w/o: 97071.44/100754.42/14920.20) lat (ms,95%): 30.26 err/s 32.60 reconn/s: 0.00
[ 1740s ] thds: 56 tps: 7531.91 qps: 215378.51 (r/w/o: 98266.12/102048.57/15063.82) lat (ms,95%): 45.79 err/s 33.30 reconn/s: 0.00
[ 1750s ] thds: 56 tps: 7497.31 qps: 212610.11 (r/w/o: 97035.88/100581.73/14992.51) lat (ms,95%): 28.67 err/s 29.80 reconn/s: 0.00
[ 1760s ] thds: 56 tps: 7526.14 qps: 213442.70 (r/w/o: 97327.69/101062.81/15052.19) lat (ms,95%): 40.37 err/s 31.10 reconn/s: 0.00
[ 1770s ] thds: 56 tps: 7450.95 qps: 212530.22 (r/w/o: 96991.13/100634.90/14904.20) lat (ms,95%): 33.72 err/s 33.60 reconn/s: 0.00
[ 1780s ] thds: 56 tps: 7487.62 qps: 213199.23 (r/w/o: 97297.42/100926.88/14974.93) lat (ms,95%): 46.63 err/s 36.30 reconn/s: 0.00
[ 1790s ] thds: 56 tps: 7449.71 qps: 212007.88 (r/w/o: 96668.05/100440.21/14899.62) lat (ms,95%): 54.83 err/s 33.50 reconn/s: 0.00
[ 1800s ] thds: 56 tps: 7456.64 qps: 211103.05 (r/w/o: 96287.20/99902.37/14913.48) lat (ms,95%): 31.37 err/s 30.30 reconn/s: 0.00
[ 1810s ] thds: 56 tps: 7489.46 qps: 213331.40 (r/w/o: 97304.28/101048.21/14978.92) lat (ms,95%): 49.21 err/s 29.50 reconn/s: 0.00
[ 1820s ] thds: 56 tps: 7535.86 qps: 214443.28 (r/w/o: 97810.53/101561.11/15071.63) lat (ms,95%): 54.83 err/s 34.30 reconn/s: 0.00
[ 1830s ] thds: 56 tps: 7510.59 qps: 213654.22 (r/w/o: 97446.75/101186.20/15021.28) lat (ms,95%): 65.65 err/s 28.10 reconn/s: 0.00
SQL statistics:
    queries performed:
        read:                            177944697
        write:                           184680797
        other:                           27438596
        total:                           390064090
    transactions:                        13719242 (7496.72 per sec.)
    queries:                             390064090 (213145.84 per sec.)
    ignored errors:                      59278  (32.39 per sec.)
    reconnects:                          0      (0.00 per sec.)

General statistics:
    total time:                          1830.0318s
    total number of events:              13719242

Latency (ms):
         min:                                    0.52
         avg:                                   10.72
         max:                                  129.24
         95th percentile:                       31.94
         sum:                            147131932.84

Threads fairness:
    events (avg/stddev):           244986.4643/703.25
    execution time (avg/stddev):   2627.3559/8.46

