10161 mysql     20   0 6422680 567184  27624 S  68.3  1.7   7:39.48 mysqld
10161 mysql     20   0 6422680 567184  27624 S  68.3  1.7   7:40.17 mysqld
10161 mysql     20   0 6422680 567184  27624 S  69.3  1.7   7:40.87 mysqld
10161 mysql     20   0 6422680 567184  27624 S  68.3  1.7   7:41.56 mysqld
10161 mysql     20   0 6422680 567184  27624 S  68.3  1.7   7:42.25 mysqld
10161 mysql     20   0 6422680 567184  27624 S  67.3  1.7   7:42.93 mysqld
10161 mysql     20   0 6422680 567184  27624 S  67.3  1.7   7:43.61 mysqld
10161 mysql     20   0 6422680 567184  27624 S  68.3  1.7   7:44.30 mysqld
10161 mysql     20   0 6422680 567184  27624 S  67.3  1.7   7:44.98 mysqld
10161 mysql     20   0 6422680 567184  27624 S  66.3  1.7   7:45.65 mysqld
10161 mysql     20   0 6422680 567184  27624 S  68.3  1.7   7:46.34 mysqld
10161 mysql     20   0 6422680 567184  27624 S  67.3  1.7   7:47.02 mysqld
10161 mysql     20   0 6422680 567184  27624 S  68.0  1.7   7:47.70 mysqld
10161 mysql     20   0 6422680 567184  27624 S  68.3  1.7   7:48.39 mysqld
10161 mysql     20   0 6422680 567184  27624 S  68.3  1.7   7:49.08 mysqld
10161 mysql     20   0 6422680 567184  27624 S  68.3  1.7   7:49.77 mysqld
10161 mysql     20   0 6422680 567184  27624 S  68.3  1.7   7:50.46 mysqld
10161 mysql     20   0 6422680 567184  27624 S  68.3  1.7   7:51.15 mysqld
10161 mysql     20   0 6422680 567184  27624 S  68.3  1.7   7:51.84 mysqld
10161 mysql     20   0 6422680 567184  27624 S  68.3  1.7   7:52.53 mysqld
10161 mysql     20   0 6422680 567184  27624 S  67.3  1.7   7:53.21 mysqld
10161 mysql     20   0 6422680 567184  27624 S  67.3  1.7   7:53.89 mysqld
10161 mysql     20   0 6422680 567184  27624 S  69.0  1.7   7:54.58 mysqld
10161 mysql     20   0 6422680 567184  27624 S  68.3  1.7   7:55.27 mysqld
10161 mysql     20   0 6422680 567184  27624 S  71.3  1.7   7:55.99 mysqld
10161 mysql     20   0 6422680 567184  27624 S  69.3  1.7   7:56.69 mysqld
10161 mysql     20   0 6422680 567184  27624 S  71.3  1.7   7:57.41 mysqld
10161 mysql     20   0 6422680 567184  27624 S  69.3  1.7   7:58.11 mysqld
10161 mysql     20   0 6422680 567184  27624 S  69.3  1.7   7:58.81 mysqld
10161 mysql     20   0 6422680 567184  27624 S  67.3  1.7   7:59.49 mysqld
10161 mysql     20   0 6422680 567184  27624 S  70.0  1.7   8:00.19 mysqld
10161 mysql     20   0 6422680 567184  27624 S  69.3  1.7   8:00.89 mysqld
10161 mysql     20   0 6422680 567184  27624 S  70.3  1.7   8:01.60 mysqld
10161 mysql     20   0 6422680 567184  27624 S  68.3  1.7   8:02.29 mysqld
10161 mysql     20   0 6422680 567184  27624 S  68.3  1.7   8:02.98 mysqld
10161 mysql     20   0 6422680 567184  27624 S  67.3  1.7   8:03.66 mysqld
10161 mysql     20   0 6422680 567184  27624 S  67.3  1.7   8:04.34 mysqld
10161 mysql     20   0 6422680 567184  27624 S  67.3  1.7   8:05.02 mysqld
10161 mysql     20   0 6422680 567184  27624 S  66.3  1.7   8:05.69 mysqld
10161 mysql     20   0 6422680 567184  27624 S  67.3  1.7   8:06.37 mysqld
10161 mysql     20   0 6422680 567184  27624 S  66.3  1.7   8:07.04 mysqld
10161 mysql     20   0 6422680 567184  27624 S  66.3  1.7   8:07.71 mysqld
10161 mysql     20   0 6422680 567184  27624 S  65.3  1.7   8:08.37 mysqld
10161 mysql     20   0 6422680 567184  27624 S  67.0  1.7   8:09.04 mysqld
10161 mysql     20   0 6422680 567184  27624 S  66.3  1.7   8:09.71 mysqld
10161 mysql     20   0 6422680 567184  27624 S  65.3  1.7   8:10.37 mysqld
10161 mysql     20   0 6422680 567184  27624 S  67.3  1.7   8:11.05 mysqld
10161 mysql     20   0 6422680 567184  27624 S  67.3  1.7   8:11.73 mysqld
10161 mysql     20   0 6422680 567184  27624 S  67.3  1.7   8:12.41 mysqld
10161 mysql     20   0 6422680 567184  27624 S  67.3  1.7   8:13.09 mysqld
10161 mysql     20   0 6422680 567184  27624 S  67.3  1.7   8:13.77 mysqld
10161 mysql     20   0 6422680 567184  27624 S  68.3  1.7   8:14.46 mysqld
10161 mysql     20   0 6422680 567184  27624 S  67.3  1.7   8:15.14 mysqld
10161 mysql     20   0 6422680 567184  27624 S  66.3  1.7   8:15.81 mysqld
10161 mysql     20   0 6422680 567184  27624 S  67.0  1.7   8:16.48 mysqld
10161 mysql     20   0 6422680 567184  27624 S  67.3  1.7   8:17.16 mysqld
10161 mysql     20   0 6422680 567184  27624 S  66.3  1.7   8:17.83 mysqld
10161 mysql     20   0 6422680 567184  27624 S  68.3  1.7   8:18.52 mysqld
10161 mysql     20   0 6422680 567184  27624 S  68.3  1.7   8:19.21 mysqld
10161 mysql     20   0 6422680 567184  27624 S  68.3  1.7   8:19.90 mysqld
10161 mysql     20   0 6422680 567184  27624 S  66.3  1.7   8:20.57 mysqld
10161 mysql     20   0 6422680 567184  27624 S  69.0  1.7   8:21.26 mysqld
10161 mysql     20   0 6422680 567184  27624 S  67.3  1.7   8:21.94 mysqld
10161 mysql     20   0 6422680 567184  27624 S  69.3  1.7   8:22.64 mysqld
10161 mysql     20   0 6422680 567184  27624 S  67.3  1.7   8:23.32 mysqld
10161 mysql     20   0 6422680 567184  27624 S  67.3  1.7   8:24.00 mysqld
10161 mysql     20   0 6422680 567184  27624 S  67.3  1.7   8:24.68 mysqld
10161 mysql     20   0 6422680 567184  27624 S  66.3  1.7   8:25.35 mysqld
10161 mysql     20   0 6422680 567184  27624 S  68.0  1.7   8:26.03 mysqld
10161 mysql     20   0 6422680 567184  27624 S  68.3  1.7   8:26.72 mysqld
10161 mysql     20   0 6422680 567184  27624 S  67.3  1.7   8:27.40 mysqld
10161 mysql     20   0 6422680 567184  27624 S  66.3  1.7   8:28.07 mysqld
10161 mysql     20   0 6422680 567184  27624 S  67.3  1.7   8:28.75 mysqld
10161 mysql     20   0 6422680 567184  27624 S  68.3  1.7   8:29.44 mysqld
10161 mysql     20   0 6422680 567184  27624 S  66.3  1.7   8:30.11 mysqld
10161 mysql     20   0 6422680 567184  27624 S  68.3  1.7   8:30.80 mysqld
10161 mysql     20   0 6422680 567184  27624 S  68.3  1.7   8:31.49 mysqld
10161 mysql     20   0 6422680 567184  27624 S  67.3  1.7   8:32.17 mysqld
10161 mysql     20   0 6422680 567184  27624 S  68.3  1.7   8:32.86 mysqld
10161 mysql     20   0 6422680 567184  27624 S  66.3  1.7   8:33.53 mysqld
10161 mysql     20   0 6422680 567184  27624 S  69.0  1.7   8:34.22 mysqld
10161 mysql     20   0 6422680 567184  27624 S  68.3  1.7   8:34.91 mysqld
10161 mysql     20   0 6422680 567184  27624 S  68.3  1.7   8:35.60 mysqld
10161 mysql     20   0 6422680 567184  27624 S  68.3  1.7   8:36.29 mysqld
10161 mysql     20   0 6422680 567184  27624 S  67.3  1.7   8:36.97 mysqld
10161 mysql     20   0 6422680 567184  27624 S  69.3  1.7   8:37.67 mysqld
10161 mysql     20   0 6422680 567184  27624 S  71.3  1.7   8:38.39 mysqld
10161 mysql     20   0 6422680 567184  27624 S  66.3  1.7   8:39.06 mysqld
10161 mysql     20   0 6422680 567184  27624 S  67.3  1.7   8:39.74 mysqld
10161 mysql     20   0 6422680 567184  27624 S  67.3  1.7   8:40.42 mysqld
10161 mysql     20   0 6422680 567184  27624 S  67.0  1.7   8:41.09 mysqld
10161 mysql     20   0 6422680 567184  27624 S  68.3  1.7   8:41.78 mysqld
10161 mysql     20   0 6422680 567184  27624 S  68.3  1.7   8:42.47 mysqld
10161 mysql     20   0 6422680 567184  27624 S  68.3  1.7   8:43.16 mysqld
10161 mysql     20   0 6422680 567184  27624 S  67.3  1.7   8:43.84 mysqld
10161 mysql     20   0 6422680 567184  27624 S  67.3  1.7   8:44.52 mysqld
10161 mysql     20   0 6422680 567184  27624 S  68.3  1.7   8:45.21 mysqld
10161 mysql     20   0 6422680 567184  27624 S  67.3  1.7   8:45.89 mysqld
10161 mysql     20   0 6422680 567184  27624 S  68.3  1.7   8:46.58 mysqld
10161 mysql     20   0 6422680 567184  27624 S  67.3  1.7   8:47.26 mysqld
10161 mysql     20   0 6422680 567184  27624 S  67.0  1.7   8:47.93 mysqld
10161 mysql     20   0 6422680 567184  27624 S  66.3  1.7   8:48.60 mysqld
10161 mysql     20   0 6422680 567184  27624 S  67.3  1.7   8:49.28 mysqld
10161 mysql     20   0 6422680 567184  27624 S  69.3  1.7   8:49.98 mysqld
10161 mysql     20   0 6422680 567184  27624 S  66.3  1.7   8:50.65 mysqld
10161 mysql     20   0 6422680 567184  27624 S  67.3  1.7   8:51.33 mysqld
10161 mysql     20   0 6422680 567184  27624 S  68.3  1.7   8:52.02 mysqld
10161 mysql     20   0 6422680 567184  27624 S  66.3  1.7   8:52.69 mysqld
10161 mysql     20   0 6422680 567184  27624 S  66.3  1.7   8:53.36 mysqld
10161 mysql     20   0 6422680 567184  27624 S  66.3  1.7   8:54.03 mysqld
10161 mysql     20   0 6422680 567184  27624 S  68.3  1.7   8:54.72 mysqld
10161 mysql     20   0 6422680 567184  27624 S  67.3  1.7   8:55.40 mysqld
10161 mysql     20   0 6422680 567184  27624 S  67.3  1.7   8:56.08 mysqld
10161 mysql     20   0 6422680 567184  27624 S  67.3  1.7   8:56.76 mysqld
10161 mysql     20   0 6422680 567184  27624 S  66.0  1.7   8:57.42 mysqld
10161 mysql     20   0 6422680 567184  27624 S  68.3  1.7   8:58.11 mysqld
10161 mysql     20   0 6422680 567184  27624 S  67.3  1.7   8:58.79 mysqld
10161 mysql     20   0 6422680 567184  27624 S  67.3  1.7   8:59.47 mysqld
10161 mysql     20   0 6422680 567184  27624 S  68.3  1.7   9:00.16 mysqld
10161 mysql     20   0 6422680 567184  27624 S  68.3  1.7   9:00.85 mysqld
10161 mysql     20   0 6422680 567184  27624 S  67.3  1.7   9:01.53 mysqld
10161 mysql     20   0 6422680 567184  27624 S  68.3  1.7   9:02.22 mysqld
10161 mysql     20   0 6422680 567184  27624 S  66.3  1.7   9:02.89 mysqld
10161 mysql     20   0 6422680 567184  27624 S  68.3  1.7   9:03.58 mysqld
10161 mysql     20   0 6422680 567184  27624 S  67.3  1.7   9:04.26 mysqld
10161 mysql     20   0 6422680 567184  27624 S  66.3  1.7   9:04.93 mysqld
10161 mysql     20   0 6422680 567184  27624 S  67.3  1.7   9:05.61 mysqld
10161 mysql     20   0 6422680 567184  27624 S  67.3  1.7   9:06.29 mysqld
10161 mysql     20   0 6422680 567184  27624 S  67.3  1.7   9:06.97 mysqld
10161 mysql     20   0 6422680 567184  27624 S  66.3  1.7   9:07.64 mysqld
10161 mysql     20   0 6422680 567184  27624 S  67.0  1.7   9:08.31 mysqld
10161 mysql     20   0 6422680 567184  27624 S  66.3  1.7   9:08.98 mysqld
10161 mysql     20   0 6422680 567184  27624 S  68.3  1.7   9:09.67 mysqld
10161 mysql     20   0 6422680 567184  27624 S  68.3  1.7   9:10.36 mysqld
10161 mysql     20   0 6422680 567184  27624 S  66.3  1.7   9:11.03 mysqld
10161 mysql     20   0 6422680 567184  27624 S  67.3  1.7   9:11.71 mysqld
10161 mysql     20   0 6422680 567184  27624 S  66.3  1.7   9:12.38 mysqld
10161 mysql     20   0 6422680 567184  27624 S  68.3  1.7   9:13.07 mysqld
10161 mysql     20   0 6422680 567184  27624 S  68.0  1.7   9:13.75 mysqld
10161 mysql     20   0 6422680 567184  27624 S  67.3  1.7   9:14.43 mysqld
10161 mysql     20   0 6422680 567184  27624 S  66.3  1.7   9:15.10 mysqld
10161 mysql     20   0 6422680 567184  27624 S  67.3  1.7   9:15.78 mysqld
10161 mysql     20   0 6422680 567184  27624 S  68.3  1.7   9:16.47 mysqld
10161 mysql     20   0 6422680 567184  27624 S  67.3  1.7   9:17.15 mysqld
10161 mysql     20   0 6422680 567184  27624 S  66.3  1.7   9:17.82 mysqld
10161 mysql     20   0 6422680 567184  27624 S  69.0  1.7   9:18.51 mysqld
10161 mysql     20   0 6422680 567184  27624 S  67.3  1.7   9:19.19 mysqld
10161 mysql     20   0 6422680 567184  27624 S  67.3  1.7   9:19.87 mysqld
10161 mysql     20   0 6422680 567184  27624 S  66.3  1.7   9:20.54 mysqld
10161 mysql     20   0 6422680 567184  27624 S  68.3  1.7   9:21.23 mysqld
10161 mysql     20   0 6422680 567184  27624 S  65.3  1.7   9:21.89 mysqld
10161 mysql     20   0 6422680 567184  27624 S  67.3  1.7   9:22.57 mysqld
10161 mysql     20   0 6422680 567184  27624 S  67.3  1.7   9:23.25 mysqld
10161 mysql     20   0 6422680 567184  27624 S  67.3  1.7   9:23.93 mysqld
10161 mysql     20   0 6422680 567184  27624 S  67.0  1.7   9:24.60 mysqld
10161 mysql     20   0 6422680 567184  27624 S  68.3  1.7   9:25.29 mysqld
10161 mysql     20   0 6422680 567184  27624 S  66.3  1.7   9:25.96 mysqld
10161 mysql     20   0 6422680 567184  27624 S  67.3  1.7   9:26.64 mysqld
10161 mysql     20   0 6422680 567184  27624 S  67.3  1.7   9:27.32 mysqld
10161 mysql     20   0 6422680 567184  27624 S  67.3  1.7   9:28.00 mysqld
10161 mysql     20   0 6422680 567184  27624 S  68.3  1.7   9:28.69 mysqld
10161 mysql     20   0 6422680 567184  27624 S  68.3  1.7   9:29.38 mysqld
10161 mysql     20   0 6422680 567184  27624 S  68.3  1.7   9:30.07 mysqld
10161 mysql     20   0 6422680 567184  27624 S  68.3  1.7   9:30.76 mysqld
10161 mysql     20   0 6422680 567184  27624 S  68.3  1.7   9:31.45 mysqld
10161 mysql     20   0 6422680 567184  27624 S  69.0  1.7   9:32.14 mysqld
10161 mysql     20   0 6422680 567184  27624 S  69.3  1.7   9:32.84 mysqld
10161 mysql     20   0 6422680 567184  27624 S  68.3  1.7   9:33.53 mysqld
10161 mysql     20   0 6422680 567184  27624 S  68.3  1.7   9:34.22 mysqld
10161 mysql     20   0 6422680 567184  27624 S  68.3  1.7   9:34.91 mysqld
10161 mysql     20   0 6422680 567184  27624 S  68.3  1.7   9:35.60 mysqld
10161 mysql     20   0 6422680 567184  27624 S  67.3  1.7   9:36.28 mysqld
10161 mysql     20   0 6422680 567184  27624 S  68.3  1.7   9:36.97 mysqld
10161 mysql     20   0 6422680 567184  27624 S  69.3  1.7   9:37.67 mysqld
10161 mysql     20   0 6422680 567184  27624 S  67.3  1.7   9:38.35 mysqld
10161 mysql     20   0 6422680 567184  27624 S  68.3  1.7   9:39.04 mysqld
10161 mysql     20   0 6422680 567184  27624 S  69.3  1.7   9:39.74 mysqld
10161 mysql     20   0 6422680 567184  27624 S  70.0  1.7   9:40.44 mysqld
10161 mysql     20   0 6422680 567184  27624 S  68.3  1.7   9:41.13 mysqld
10161 mysql     20   0 6422680 567184  27624 S  68.3  1.7   9:41.82 mysqld
10161 mysql     20   0 6422680 567184  27624 S  67.3  1.7   9:42.50 mysqld
10161 mysql     20   0 6422680 567184  27624 S  68.3  1.7   9:43.19 mysqld
10161 mysql     20   0 6422680 567184  27624 S  67.3  1.7   9:43.87 mysqld
10161 mysql     20   0 6422680 567184  27624 S  66.3  1.7   9:44.54 mysqld
10161 mysql     20   0 6422680 567184  27624 S  65.3  1.7   9:45.20 mysqld
10161 mysql     20   0 6422680 567184  27624 S  68.3  1.7   9:45.89 mysqld
10161 mysql     20   0 6422680 567184  27624 S  67.3  1.7   9:46.57 mysqld
10161 mysql     20   0 6422680 567184  27624 S  67.3  1.7   9:47.25 mysqld
10161 mysql     20   0 6422680 567184  27624 S  67.3  1.7   9:47.93 mysqld
10161 mysql     20   0 6422680 567184  27624 S  68.3  1.7   9:48.62 mysqld
10161 mysql     20   0 6422680 567184  27624 S  67.3  1.7   9:49.30 mysqld
10161 mysql     20   0 6422680 567184  27624 S  69.3  1.7   9:50.00 mysqld
10161 mysql     20   0 6422680 567184  27624 S  68.3  1.7   9:50.69 mysqld
10161 mysql     20   0 6422680 567184  27624 S  69.3  1.7   9:51.39 mysqld
10161 mysql     20   0 6422680 567184  27624 S  70.0  1.7   9:52.09 mysqld
10161 mysql     20   0 6422680 567184  27624 S  69.3  1.7   9:52.79 mysqld
10161 mysql     20   0 6422680 567184  27624 S  70.3  1.7   9:53.50 mysqld
10161 mysql     20   0 6422680 567184  27624 S  67.3  1.7   9:54.18 mysqld
10161 mysql     20   0 6422680 567184  27624 S  69.3  1.7   9:54.88 mysqld
10161 mysql     20   0 6422680 567184  27624 S  68.3  1.7   9:55.57 mysqld
10161 mysql     20   0 6422680 567184  27624 S  69.3  1.7   9:56.27 mysqld
10161 mysql     20   0 6422680 567184  27624 S  67.3  1.7   9:56.95 mysqld
10161 mysql     20   0 6422680 567184  27624 S  68.3  1.7   9:57.64 mysqld
10161 mysql     20   0 6422680 567184  27624 S  68.3  1.7   9:58.33 mysqld
10161 mysql     20   0 6422680 567184  27624 S  68.3  1.7   9:59.02 mysqld
10161 mysql     20   0 6422680 567184  27624 S  69.3  1.7   9:59.72 mysqld
10161 mysql     20   0 6422680 567184  27624 S  69.3  1.7  10:00.42 mysqld
10161 mysql     20   0 6422680 567184  27624 S  68.3  1.7  10:01.11 mysqld
10161 mysql     20   0 6422680 567184  27624 S  69.3  1.7  10:01.81 mysqld
10161 mysql     20   0 6422680 567184  27624 S  71.0  1.7  10:02.52 mysqld
10161 mysql     20   0 6422680 567184  27624 S  71.3  1.7  10:03.24 mysqld
10161 mysql     20   0 6422680 567184  27624 S  67.3  1.7  10:03.92 mysqld
10161 mysql     20   0 6422680 567184  27624 S  69.3  1.7  10:04.62 mysqld
10161 mysql     20   0 6422680 567184  27624 S  67.3  1.7  10:05.30 mysqld
10161 mysql     20   0 6422680 567184  27624 S  68.3  1.7  10:05.99 mysqld
10161 mysql     20   0 6422680 567184  27624 S  67.3  1.7  10:06.67 mysqld
10161 mysql     20   0 6422680 567184  27624 S  68.3  1.7  10:07.36 mysqld
10161 mysql     20   0 6422680 567184  27624 S  67.3  1.7  10:08.04 mysqld
10161 mysql     20   0 6422680 567184  27624 S  68.3  1.7  10:08.73 mysqld
10161 mysql     20   0 6422680 567184  27624 S  69.0  1.7  10:09.42 mysqld
10161 mysql     20   0 6422680 567184  27624 S  69.3  1.7  10:10.12 mysqld
10161 mysql     20   0 6422680 567184  27624 S  68.3  1.7  10:10.81 mysqld
10161 mysql     20   0 6422680 567184  27624 S  69.3  1.7  10:11.51 mysqld
10161 mysql     20   0 6422680 567184  27624 S  69.3  1.7  10:12.21 mysqld
10161 mysql     20   0 6422680 567184  27624 S  69.3  1.7  10:12.91 mysqld
10161 mysql     20   0 6422680 567184  27624 S  69.3  1.7  10:13.61 mysqld
10161 mysql     20   0 6422680 567184  27624 S  69.3  1.7  10:14.31 mysqld
10161 mysql     20   0 6422680 567184  27624 S  68.3  1.7  10:15.00 mysqld
10161 mysql     20   0 6422680 567184  27624 S  68.3  1.7  10:15.69 mysqld
10161 mysql     20   0 6422680 567184  27624 R  68.3  1.7  10:16.38 mysqld
10161 mysql     20   0 6422680 567184  27624 S  68.3  1.7  10:17.07 mysqld
10161 mysql     20   0 6422680 567184  27624 S  69.0  1.7  10:17.76 mysqld
10161 mysql     20   0 6422680 567184  27624 S  65.3  1.7  10:18.42 mysqld
10161 mysql     20   0 6422680 567184  27624 S  69.3  1.7  10:19.12 mysqld
10161 mysql     20   0 6422680 567184  27624 S  68.3  1.7  10:19.81 mysqld
10161 mysql     20   0 6422680 567184  27624 S  67.3  1.7  10:20.49 mysqld
10161 mysql     20   0 6422680 567184  27624 S  67.3  1.7  10:21.17 mysqld
10161 mysql     20   0 6422680 567184  27624 S  65.3  1.7  10:21.83 mysqld
10161 mysql     20   0 6422680 567184  27624 S  67.3  1.7  10:22.51 mysqld
10161 mysql     20   0 6422680 567184  27624 S  68.3  1.7  10:23.20 mysqld
10161 mysql     20   0 6422680 567184  27624 S  68.3  1.7  10:23.89 mysqld
10161 mysql     20   0 6422680 567184  27624 S  68.3  1.7  10:24.58 mysqld
10161 mysql     20   0 6422680 567184  27624 S  69.0  1.7  10:25.27 mysqld
10161 mysql     20   0 6422680 567184  27624 S  68.3  1.7  10:25.96 mysqld
10161 mysql     20   0 6422680 567184  27624 S  66.3  1.7  10:26.63 mysqld
10161 mysql     20   0 6422680 567184  27624 S  69.3  1.7  10:27.33 mysqld
10161 mysql     20   0 6422680 567184  27624 S  67.3  1.7  10:28.01 mysqld
10161 mysql     20   0 6422680 567184  27624 S  69.3  1.7  10:28.71 mysqld
10161 mysql     20   0 6422680 567184  27624 S  70.3  1.7  10:29.42 mysqld
10161 mysql     20   0 6422680 567184  27624 R  68.3  1.7  10:30.11 mysqld
10161 mysql     20   0 6422680 567184  27624 S  70.3  1.7  10:30.82 mysqld
10161 mysql     20   0 6422680 567184  27624 S  69.3  1.7  10:31.52 mysqld
10161 mysql     20   0 6422680 567184  27624 R  68.3  1.7  10:32.21 mysqld
10161 mysql     20   0 6422680 567184  27624 S  68.3  1.7  10:32.90 mysqld
10161 mysql     20   0 6422680 567184  27624 S  68.0  1.7  10:33.58 mysqld
10161 mysql     20   0 6422680 567184  27624 S  68.3  1.7  10:34.27 mysqld
10161 mysql     20   0 6422680 567184  27624 S  70.3  1.7  10:34.98 mysqld
10161 mysql     20   0 6422680 567184  27624 S  68.3  1.7  10:35.67 mysqld
10161 mysql     20   0 6422680 567184  27624 S  69.3  1.7  10:36.37 mysqld
10161 mysql     20   0 6422680 567184  27624 S  68.3  1.7  10:37.06 mysqld
10161 mysql     20   0 6422680 567184  27624 S  69.3  1.7  10:37.76 mysqld
10161 mysql     20   0 6422680 567184  27624 S  67.3  1.7  10:38.44 mysqld
10161 mysql     20   0 6422680 567184  27624 S  68.3  1.7  10:39.13 mysqld
10161 mysql     20   0 6422680 567184  27624 S  68.3  1.7  10:39.82 mysqld
10161 mysql     20   0 6422680 567184  27624 S  69.3  1.7  10:40.52 mysqld
10161 mysql     20   0 6422680 567184  27624 S  69.3  1.7  10:41.22 mysqld
10161 mysql     20   0 6422680 567184  27624 S  68.3  1.7  10:41.91 mysqld
10161 mysql     20   0 6422680 567184  27624 S  70.0  1.7  10:42.61 mysqld
10161 mysql     20   0 6422680 567184  27624 S  68.3  1.7  10:43.30 mysqld
10161 mysql     20   0 6422680 567184  27624 S  68.3  1.7  10:43.99 mysqld
10161 mysql     20   0 6422680 567184  27624 S  67.3  1.7  10:44.67 mysqld
10161 mysql     20   0 6422680 567184  27624 S  67.3  1.7  10:45.35 mysqld
10161 mysql     20   0 6422680 567184  27624 S  69.3  1.7  10:46.05 mysqld
10161 mysql     20   0 6422680 567184  27624 S  68.3  1.7  10:46.74 mysqld
10161 mysql     20   0 6422680 567184  27624 S  66.3  1.7  10:47.41 mysqld
10161 mysql     20   0 6422680 567184  27624 S  69.3  1.7  10:48.11 mysqld
10161 mysql     20   0 6422680 567184  27624 S  68.0  1.7  10:48.79 mysqld
10161 mysql     20   0 6422680 567184  27624 S  68.3  1.7  10:49.48 mysqld
10161 mysql     20   0 6422680 567184  27624 S  68.3  1.7  10:50.17 mysqld
10161 mysql     20   0 6422680 567184  27624 S  67.3  1.7  10:50.85 mysqld
10161 mysql     20   0 6422680 567184  27624 S  69.3  1.7  10:51.55 mysqld
10161 mysql     20   0 6422680 567184  27624 R  68.3  1.7  10:52.24 mysqld
10161 mysql     20   0 6422680 567184  27624 S  68.3  1.7  10:52.93 mysqld
10161 mysql     20   0 6422680 567184  27624 S  69.3  1.7  10:53.63 mysqld
10161 mysql     20   0 6422680 567184  27624 S  69.3  1.7  10:54.33 mysqld
10161 mysql     20   0 6422680 567184  27624 S  68.3  1.7  10:55.02 mysqld
10161 mysql     20   0 6422680 567184  27624 S  69.3  1.7  10:55.72 mysqld
10161 mysql     20   0 6422680 567184  27624 S  68.3  1.7  10:56.41 mysqld
10161 mysql     20   0 6422680 567184  27624 S  68.3  1.7  10:57.10 mysqld
10161 mysql     20   0 6422680 567184  27624 S  66.3  1.7  10:57.77 mysqld
10161 mysql     20   0 6422680 567184  27624 S  67.3  1.7  10:58.45 mysqld
10161 mysql     20   0 6422680 567184  27624 S  69.0  1.7  10:59.14 mysqld
10161 mysql     20   0 6422680 567184  27624 S  66.3  1.7  10:59.81 mysqld
10161 mysql     20   0 6422680 567184  27624 S  68.3  1.7  11:00.50 mysqld
10161 mysql     20   0 6422680 567184  27624 S  69.3  1.7  11:01.20 mysqld
10161 mysql     20   0 6422680 567184  27624 S  68.3  1.7  11:01.89 mysqld
10161 mysql     20   0 6422680 567184  27624 S  67.3  1.7  11:02.57 mysqld
10161 mysql     20   0 6422680 567184  27624 S  67.3  1.7  11:03.25 mysqld
10161 mysql     20   0 6422680 567184  27624 S  67.3  1.7  11:03.93 mysqld
10161 mysql     20   0 6422680 567184  27624 S  67.3  1.7  11:04.61 mysqld
10161 mysql     20   0 6422680 567184  27624 S  69.3  1.7  11:05.31 mysqld
10161 mysql     20   0 6422680 567184  27624 S  65.3  1.7  11:05.97 mysqld
10161 mysql     20   0 6422680 567184  27624 S  68.3  1.7  11:06.66 mysqld
10161 mysql     20   0 6422680 567184  27624 S  66.3  1.7  11:07.33 mysqld
10161 mysql     20   0 6422680 567184  27624 S  68.0  1.7  11:08.01 mysqld
10161 mysql     20   0 6422680 567184  27624 S  69.3  1.7  11:08.71 mysqld
10161 mysql     20   0 6422680 567184  27624 S  69.3  1.7  11:09.41 mysqld
10161 mysql     20   0 6422680 567184  27624 S  67.3  1.7  11:10.09 mysqld
10161 mysql     20   0 6422680 567184  27624 S  68.3  1.7  11:10.78 mysqld
10161 mysql     20   0 6422680 567184  27624 S  68.3  1.7  11:11.47 mysqld
10161 mysql     20   0 6422680 567184  27624 S  69.3  1.7  11:12.17 mysqld
10161 mysql     20   0 6422680 567184  27624 S  67.3  1.7  11:12.85 mysqld
10161 mysql     20   0 6422680 567184  27624 S  69.3  1.7  11:13.55 mysqld
10161 mysql     20   0 6422680 567184  27624 S  67.3  1.7  11:14.23 mysqld
10161 mysql     20   0 6422680 567184  27624 S  70.3  1.7  11:14.94 mysqld
10161 mysql     20   0 6422680 567184  27624 S  66.3  1.7  11:15.61 mysqld
10161 mysql     20   0 6422680 567184  27624 S  68.3  1.7  11:16.30 mysqld
10161 mysql     20   0 6422680 567184  27624 S  68.0  1.7  11:16.98 mysqld
10161 mysql     20   0 6422680 567184  27624 S  67.3  1.7  11:17.66 mysqld
10161 mysql     20   0 6422680 567184  27624 S  67.3  1.7  11:18.34 mysqld
10161 mysql     20   0 6422680 567184  27624 S  69.3  1.7  11:19.04 mysqld
10161 mysql     20   0 6422680 567184  27624 S  67.3  1.7  11:19.72 mysqld
10161 mysql     20   0 6422680 567184  27624 S  69.3  1.7  11:20.42 mysqld
10161 mysql     20   0 6422680 567184  27624 S  68.3  1.7  11:21.11 mysqld
10161 mysql     20   0 6422680 567184  27624 S  68.3  1.7  11:21.80 mysqld
10161 mysql     20   0 6422680 567184  27624 S  67.3  1.7  11:22.48 mysqld
10161 mysql     20   0 6422680 567184  27624 S  70.0  1.7  11:23.18 mysqld
10161 mysql     20   0 6422680 567184  27624 S  70.3  1.7  11:23.89 mysqld
10161 mysql     20   0 6422680 567184  27624 S  68.3  1.7  11:24.58 mysqld
10161 mysql     20   0 6422680 567184  27624 S  68.3  1.7  11:25.27 mysqld
10161 mysql     20   0 6422680 567184  27624 S  68.3  1.7  11:25.96 mysqld
10161 mysql     20   0 6422680 567184  27624 S  67.3  1.7  11:26.64 mysqld
10161 mysql     20   0 6422680 567184  27624 S  68.3  1.7  11:27.33 mysqld
10161 mysql     20   0 6422680 567184  27624 S  67.3  1.7  11:28.01 mysqld
10161 mysql     20   0 6422680 567184  27624 S  67.3  1.7  11:28.69 mysqld
10161 mysql     20   0 6422680 567184  27624 S  69.0  1.7  11:29.38 mysqld
10161 mysql     20   0 6422680 567184  27624 S  67.3  1.7  11:30.06 mysqld
10161 mysql     20   0 6422680 567184  27624 S  67.3  1.7  11:30.74 mysqld
10161 mysql     20   0 6422680 567184  27624 S  67.3  1.7  11:31.42 mysqld
10161 mysql     20   0 6422680 567184  27624 S  68.3  1.7  11:32.11 mysqld
10161 mysql     20   0 6422680 567184  27624 S  68.3  1.7  11:32.80 mysqld
10161 mysql     20   0 6422680 567184  27624 S  67.3  1.7  11:33.48 mysqld
10161 mysql     20   0 6422680 567184  27624 S  68.3  1.7  11:34.17 mysqld
10161 mysql     20   0 6422680 567184  27624 S  67.3  1.7  11:34.85 mysqld
10161 mysql     20   0 6422680 567184  27624 S  65.3  1.7  11:35.51 mysqld
10161 mysql     20   0 6422680 567184  27624 S  67.3  1.7  11:36.19 mysqld
10161 mysql     20   0 6422680 567184  27624 S  68.0  1.7  11:36.87 mysqld
10161 mysql     20   0 6422680 567184  27624 S  67.3  1.7  11:37.55 mysqld
10161 mysql     20   0 6422680 567184  27624 S  66.3  1.7  11:38.22 mysqld
10161 mysql     20   0 6422680 567184  27624 S  66.3  1.7  11:38.89 mysqld
10161 mysql     20   0 6422680 567184  27624 S  67.3  1.7  11:39.57 mysqld
10161 mysql     20   0 6422680 567184  27624 S  67.3  1.7  11:40.25 mysqld
10161 mysql     20   0 6422680 567184  27624 S  66.0  1.7  11:40.91 mysqld
10161 mysql     20   0 6422680 567184  27624 S  67.3  1.7  11:41.59 mysqld
10161 mysql     20   0 6422680 567184  27624 S  66.3  1.7  11:42.26 mysqld
10161 mysql     20   0 6422680 567184  27624 S  68.3  1.7  11:42.95 mysqld
10161 mysql     20   0 6422680 567184  27624 S  69.3  1.7  11:43.65 mysqld
10161 mysql     20   0 6422680 567184  27624 S  67.3  1.7  11:44.33 mysqld
10161 mysql     20   0 6422680 567184  27624 S  68.3  1.7  11:45.02 mysqld
10161 mysql     20   0 6422680 567184  27624 S  68.3  1.7  11:45.71 mysqld
10161 mysql     20   0 6422680 567184  27624 S  67.3  1.7  11:46.39 mysqld
10161 mysql     20   0 6422680 567184  27624 S  67.3  1.7  11:47.07 mysqld
10161 mysql     20   0 6422680 567184  27624 S  66.3  1.7  11:47.74 mysqld
10161 mysql     20   0 6422680 567184  27624 S  67.3  1.7  11:48.42 mysqld
10161 mysql     20   0 6422680 567184  27624 S  67.0  1.7  11:49.09 mysqld
10161 mysql     20   0 6422680 567184  27624 S  69.3  1.7  11:49.79 mysqld
10161 mysql     20   0 6422680 567184  27624 S  68.3  1.7  11:50.48 mysqld
10161 mysql     20   0 6422680 567184  27624 S  67.3  1.7  11:51.16 mysqld
10161 mysql     20   0 6422680 567184  27624 S  68.3  1.7  11:51.85 mysqld
10161 mysql     20   0 6422680 567184  27624 S  67.3  1.7  11:52.53 mysqld
10161 mysql     20   0 6422680 567184  27624 S  66.3  1.7  11:53.20 mysqld
10161 mysql     20   0 6422680 567184  27624 S  68.3  1.7  11:53.89 mysqld
10161 mysql     20   0 6422680 567184  27624 S  67.3  1.7  11:54.57 mysqld
10161 mysql     20   0 6422680 567184  27624 S  68.3  1.7  11:55.26 mysqld
10161 mysql     20   0 6422680 567184  27624 S  67.3  1.7  11:55.94 mysqld
10161 mysql     20   0 6422680 567184  27624 S  67.0  1.7  11:56.61 mysqld
10161 mysql     20   0 6422680 567184  27624 S  68.3  1.7  11:57.30 mysqld
10161 mysql     20   0 6422680 567184  27624 S  69.3  1.7  11:58.00 mysqld
10161 mysql     20   0 6422680 567184  27624 S  68.3  1.7  11:58.69 mysqld
10161 mysql     20   0 6422680 567184  27624 S  68.3  1.7  11:59.38 mysqld
10161 mysql     20   0 6422680 567184  27624 S  68.3  1.7  12:00.07 mysqld
10161 mysql     20   0 6422680 567184  27624 S  67.3  1.7  12:00.75 mysqld
10161 mysql     20   0 6422680 567184  27624 S  69.3  1.7  12:01.45 mysqld
10161 mysql     20   0 6422680 567184  27624 S  67.3  1.7  12:02.13 mysqld
10161 mysql     20   0 6422680 567184  27624 S  69.3  1.7  12:02.83 mysqld
10161 mysql     20   0 6422680 567184  27624 S  69.3  1.7  12:03.53 mysqld
10161 mysql     20   0 6422680 567184  27624 S  69.3  1.7  12:04.23 mysqld
10161 mysql     20   0 6422680 567184  27624 S  68.3  1.7  12:04.92 mysqld
10161 mysql     20   0 6422680 567184  27624 S  69.3  1.7  12:05.62 mysqld
10161 mysql     20   0 6422680 567184  27624 S  69.3  1.7  12:06.32 mysqld
10161 mysql     20   0 6422680 567184  27624 S  70.0  1.7  12:07.02 mysqld
10161 mysql     20   0 6422680 567184  27624 S  67.3  1.7  12:07.70 mysqld
10161 mysql     20   0 6422680 567184  27624 S  69.3  1.7  12:08.40 mysqld
10161 mysql     20   0 6422680 567184  27624 S  70.3  1.7  12:09.11 mysqld
10161 mysql     20   0 6422680 567184  27624 S  68.3  1.7  12:09.80 mysqld
10161 mysql     20   0 6422680 567184  27624 S  69.3  1.7  12:10.50 mysqld
10161 mysql     20   0 6422680 567184  27624 S  69.3  1.7  12:11.20 mysqld
10161 mysql     20   0 6422680 567184  27624 S  68.3  1.7  12:11.89 mysqld
10161 mysql     20   0 6422680 567184  27624 S  68.3  1.7  12:12.58 mysqld
10161 mysql     20   0 6422680 567184  27624 S  69.3  1.7  12:13.28 mysqld
10161 mysql     20   0 6422680 567184  27624 S  68.3  1.7  12:13.97 mysqld
10161 mysql     20   0 6422680 567184  27624 S  68.3  1.7  12:14.66 mysqld
10161 mysql     20   0 6422680 567184  27624 S  69.3  1.7  12:15.36 mysqld
10161 mysql     20   0 6422680 567184  27624 S  69.0  1.7  12:16.05 mysqld
10161 mysql     20   0 6422680 567184  27624 S  68.3  1.7  12:16.74 mysqld
10161 mysql     20   0 6422680 567184  27624 S  69.3  1.7  12:17.44 mysqld
10161 mysql     20   0 6422680 567184  27624 S  67.3  1.7  12:18.12 mysqld
10161 mysql     20   0 6422680 567184  27624 S  68.3  1.7  12:18.81 mysqld
10161 mysql     20   0 6422680 567184  27624 S  66.3  1.7  12:19.48 mysqld
10161 mysql     20   0 6422680 567184  27624 S  67.3  1.7  12:20.16 mysqld
10161 mysql     20   0 6422680 567184  27624 S  67.3  1.7  12:20.84 mysqld
10161 mysql     20   0 6422680 567184  27624 S  67.3  1.7  12:21.52 mysqld
10161 mysql     20   0 6422680 567184  27624 S  68.3  1.7  12:22.21 mysqld
10161 mysql     20   0 6422680 567184  27624 S  69.3  1.7  12:22.91 mysqld
10161 mysql     20   0 6422680 567184  27624 S  67.3  1.7  12:23.59 mysqld
10161 mysql     20   0 6422680 567184  27624 S  67.3  1.7  12:24.27 mysqld
10161 mysql     20   0 6422680 567184  27624 S  69.0  1.7  12:24.96 mysqld
10161 mysql     20   0 6422680 567184  27624 S  70.3  1.7  12:25.67 mysqld
10161 mysql     20   0 6422680 567184  27624 S  68.3  1.7  12:26.36 mysqld
10161 mysql     20   0 6422680 567184  27624 S  68.3  1.7  12:27.05 mysqld
10161 mysql     20   0 6422680 567184  27624 S  66.3  1.7  12:27.72 mysqld
10161 mysql     20   0 6422680 567184  27624 S  67.3  1.7  12:28.40 mysqld
10161 mysql     20   0 6422680 567184  27624 S  68.3  1.7  12:29.09 mysqld
10161 mysql     20   0 6422680 567184  27624 S  67.3  1.7  12:29.77 mysqld
10161 mysql     20   0 6422680 567184  27624 S  69.3  1.7  12:30.47 mysqld
10161 mysql     20   0 6422680 567184  27624 S  66.3  1.7  12:31.14 mysqld
10161 mysql     20   0 6422680 567184  27624 S  68.3  1.7  12:31.83 mysqld
10161 mysql     20   0 6422680 567184  27624 S  68.3  1.7  12:32.52 mysqld
10161 mysql     20   0 6422680 567184  27624 S  64.4  1.7  12:33.17 mysqld
10161 mysql     20   0 6422680 567184  27624 S  66.0  1.7  12:33.83 mysqld
10161 mysql     20   0 6422680 567184  27624 S  68.3  1.7  12:34.52 mysqld
10161 mysql     20   0 6422680 567184  27624 S  67.3  1.7  12:35.20 mysqld
10161 mysql     20   0 6422680 567184  27624 S  67.3  1.7  12:35.88 mysqld
10161 mysql     20   0 6422680 567184  27624 S  69.3  1.7  12:36.58 mysqld
10161 mysql     20   0 6422680 567184  27624 S  68.3  1.7  12:37.27 mysqld
10161 mysql     20   0 6422680 567184  27624 S  69.3  1.7  12:37.97 mysqld
10161 mysql     20   0 6422680 567184  27624 S  67.3  1.7  12:38.65 mysqld
10161 mysql     20   0 6422680 567184  27624 S  68.3  1.7  12:39.34 mysqld
10161 mysql     20   0 6422680 567184  27624 S  67.3  1.7  12:40.02 mysqld
10161 mysql     20   0 6422680 567184  27624 S  67.3  1.7  12:40.70 mysqld
10161 mysql     20   0 6422680 567184  27624 S  69.0  1.7  12:41.39 mysqld
10161 mysql     20   0 6422680 567184  27624 S  68.3  1.7  12:42.08 mysqld
10161 mysql     20   0 6422680 567184  27624 S  69.3  1.7  12:42.78 mysqld
10161 mysql     20   0 6422680 567184  27624 S  67.3  1.7  12:43.46 mysqld
10161 mysql     20   0 6422680 567184  27624 S  68.3  1.7  12:44.15 mysqld
10161 mysql     20   0 6422680 567184  27624 S  68.3  1.7  12:44.84 mysqld
10161 mysql     20   0 6422680 567184  27624 S  67.3  1.7  12:45.52 mysqld
10161 mysql     20   0 6422680 567184  27624 S  68.3  1.7  12:46.21 mysqld
10161 mysql     20   0 6422680 567184  27624 S  67.3  1.7  12:46.89 mysqld
10161 mysql     20   0 6422680 567184  27624 S  68.3  1.7  12:47.58 mysqld
10161 mysql     20   0 6422680 567184  27624 S  66.3  1.7  12:48.25 mysqld
10161 mysql     20   0 6422680 567184  27624 S  67.3  1.7  12:48.93 mysqld
10161 mysql     20   0 6422680 567184  27624 S  67.3  1.7  12:49.61 mysqld
10161 mysql     20   0 6422680 567184  27624 S  68.0  1.7  12:50.29 mysqld
10161 mysql     20   0 6422680 567184  27624 S  67.3  1.7  12:50.97 mysqld
10161 mysql     20   0 6422680 567184  27624 S  67.3  1.7  12:51.65 mysqld
10161 mysql     20   0 6422680 567184  27624 S  67.3  1.7  12:52.33 mysqld
10161 mysql     20   0 6422680 567184  27624 S  67.3  1.7  12:53.01 mysqld
10161 mysql     20   0 6422680 567184  27624 S  67.3  1.7  12:53.69 mysqld
10161 mysql     20   0 6422680 567184  27624 S  67.3  1.7  12:54.37 mysqld
10161 mysql     20   0 6422680 567184  27624 S  66.3  1.7  12:55.04 mysqld
10161 mysql     20   0 6422680 567184  27624 S  68.0  1.7  12:55.72 mysqld
10161 mysql     20   0 6422680 567184  27624 S  68.3  1.7  12:56.41 mysqld
10161 mysql     20   0 6422680 567184  27624 S  68.3  1.7  12:57.10 mysqld
10161 mysql     20   0 6422680 567184  27624 S  67.3  1.7  12:57.78 mysqld
10161 mysql     20   0 6422680 567184  27624 S  68.3  1.7  12:58.47 mysqld
10161 mysql     20   0 6422680 567184  27624 S  66.3  1.7  12:59.14 mysqld
10161 mysql     20   0 6422680 567184  27624 S  66.3  1.7  12:59.81 mysqld
10161 mysql     20   0 6422680 567184  27624 S  66.3  1.7  13:00.48 mysqld
10161 mysql     20   0 6422680 567184  27624 S  68.3  1.7  13:01.17 mysqld
10161 mysql     20   0 6422680 567184  27624 S  67.3  1.7  13:01.85 mysqld
10161 mysql     20   0 6422680 567184  27624 S  67.0  1.7  13:02.52 mysqld
10161 mysql     20   0 6422680 567184  27624 S  67.3  1.7  13:03.20 mysqld
10161 mysql     20   0 6422680 567184  27624 S  66.3  1.7  13:03.87 mysqld
10161 mysql     20   0 6422680 567184  27624 S  67.3  1.7  13:04.55 mysqld
10161 mysql     20   0 6422680 567184  27624 S  66.3  1.7  13:05.22 mysqld
10161 mysql     20   0 6422680 567184  27624 S  67.3  1.7  13:05.90 mysqld
10161 mysql     20   0 6422680 567184  27624 S  68.3  1.7  13:06.59 mysqld
10161 mysql     20   0 6422680 567184  27624 S  68.3  1.7  13:07.28 mysqld
10161 mysql     20   0 6422680 567184  27624 S  67.3  1.7  13:07.96 mysqld
10161 mysql     20   0 6422680 567184  27624 S  66.0  1.7  13:08.62 mysqld
10161 mysql     20   0 6422680 567184  27624 S  66.3  1.7  13:09.29 mysqld
10161 mysql     20   0 6422680 567184  27624 S  66.3  1.7  13:09.96 mysqld
10161 mysql     20   0 6422680 567184  27624 R  69.3  1.7  13:10.66 mysqld
10161 mysql     20   0 6422680 567184  27624 S  67.3  1.7  13:11.34 mysqld
10161 mysql     20   0 6422680 567184  27624 S  66.0  1.7  13:12.00 mysqld
10161 mysql     20   0 6422680 567184  27624 S  67.3  1.7  13:12.68 mysqld
10161 mysql     20   0 6422680 567184  27624 S  62.4  1.7  13:13.31 mysqld
10161 mysql     20   0 6422680 567184  27624 S  76.2  1.7  13:14.08 mysqld
10161 mysql     20   0 6422680 567184  27624 S  69.3  1.7  13:14.78 mysqld
10161 mysql     20   0 6422680 567184  27624 S  66.3  1.7  13:15.45 mysqld
10161 mysql     20   0 6422680 567184  27624 S  69.3  1.7  13:16.15 mysqld
10161 mysql     20   0 6422680 567184  27624 S  67.3  1.7  13:16.83 mysqld
10161 mysql     20   0 6422680 567184  27624 S  69.3  1.7  13:17.53 mysqld
10161 mysql     20   0 6422680 567184  27624 S  70.0  1.7  13:18.23 mysqld
10161 mysql     20   0 6422680 567184  27624 S  69.3  1.7  13:18.93 mysqld
10161 mysql     20   0 6422680 567184  27624 S  67.3  1.7  13:19.61 mysqld
10161 mysql     20   0 6422680 567184  27624 S  67.3  1.7  13:20.29 mysqld
10161 mysql     20   0 6422680 567184  27624 S  68.3  1.7  13:20.98 mysqld
10161 mysql     20   0 6422680 567184  27624 S  68.3  1.7  13:21.67 mysqld
10161 mysql     20   0 6422680 567184  27624 S  68.3  1.7  13:22.36 mysqld
10161 mysql     20   0 6422680 567184  27624 S  66.3  1.7  13:23.03 mysqld
10161 mysql     20   0 6422680 567184  27624 S  68.3  1.7  13:23.72 mysqld
10161 mysql     20   0 6422680 567184  27624 S  69.3  1.7  13:24.42 mysqld
10161 mysql     20   0 6422680 567184  27624 S  68.3  1.7  13:25.11 mysqld
10161 mysql     20   0 6422680 567184  27624 S  68.0  1.7  13:25.79 mysqld
10161 mysql     20   0 6422680 567184  27624 S  67.3  1.7  13:26.47 mysqld
10161 mysql     20   0 6422680 567184  27624 S  67.3  1.7  13:27.15 mysqld
10161 mysql     20   0 6422680 567184  27624 S  69.3  1.7  13:27.85 mysqld
10161 mysql     20   0 6422680 567184  27624 S  68.3  1.7  13:28.54 mysqld
10161 mysql     20   0 6422680 567184  27624 S  66.3  1.7  13:29.21 mysqld
10161 mysql     20   0 6422680 567184  27624 S  67.3  1.7  13:29.89 mysqld
10161 mysql     20   0 6422680 567184  27624 S  68.3  1.7  13:30.58 mysqld
10161 mysql     20   0 6422680 567184  27624 S  68.3  1.7  13:31.27 mysqld
10161 mysql     20   0 6422680 567184  27624 S  67.3  1.7  13:31.95 mysqld
10161 mysql     20   0 6422680 567184  27624 S  67.3  1.7  13:32.63 mysqld
10161 mysql     20   0 6422680 567184  27624 S  66.3  1.7  13:33.30 mysqld
10161 mysql     20   0 6422680 567184  27624 S  67.3  1.7  13:33.98 mysqld
10161 mysql     20   0 6422680 567184  27624 S  68.0  1.7  13:34.66 mysqld
10161 mysql     20   0 6422680 567184  27624 S  67.3  1.7  13:35.34 mysqld
10161 mysql     20   0 6422680 567184  27624 S  67.3  1.7  13:36.02 mysqld
10161 mysql     20   0 6422680 567184  27624 S  66.3  1.7  13:36.69 mysqld
10161 mysql     20   0 6422680 567184  27624 S  68.3  1.7  13:37.38 mysqld
10161 mysql     20   0 6422680 567184  27624 S  68.3  1.7  13:38.07 mysqld
10161 mysql     20   0 6422680 567184  27624 S  67.3  1.7  13:38.75 mysqld
10161 mysql     20   0 6422680 567184  27624 S  65.3  1.7  13:39.41 mysqld
10161 mysql     20   0 6422680 567184  27624 S  66.3  1.7  13:40.08 mysqld
10161 mysql     20   0 6422680 567184  27624 S  69.0  1.7  13:40.77 mysqld
10161 mysql     20   0 6422680 567184  27624 S  67.3  1.7  13:41.45 mysqld
10161 mysql     20   0 6422680 567184  27624 S  66.3  1.7  13:42.12 mysqld
10161 mysql     20   0 6422680 567184  27624 S  67.3  1.7  13:42.80 mysqld
10161 mysql     20   0 6422680 567184  27624 S  66.3  1.7  13:43.47 mysqld
10161 mysql     20   0 6422680 567184  27624 S  67.3  1.7  13:44.15 mysqld
10161 mysql     20   0 6422680 567184  27624 S  66.3  1.7  13:44.82 mysqld
10161 mysql     20   0 6422680 567184  27624 S  68.3  1.7  13:45.51 mysqld
10161 mysql     20   0 6422680 567184  27624 S  67.3  1.7  13:46.19 mysqld
10161 mysql     20   0 6422680 567184  27624 S  65.3  1.7  13:46.85 mysqld
10161 mysql     20   0 6422680 567184  27624 S  66.3  1.7  13:47.52 mysqld
10161 mysql     20   0 6422680 567184  27624 S  68.0  1.7  13:48.20 mysqld
10161 mysql     20   0 6422680 567184  27624 S  67.3  1.7  13:48.88 mysqld
10161 mysql     20   0 6422680 567184  27624 S  66.3  1.7  13:49.55 mysqld
10161 mysql     20   0 6422680 567184  27624 S  67.3  1.7  13:50.23 mysqld
10161 mysql     20   0 6422680 567184  27624 S  68.3  1.7  13:50.92 mysqld
10161 mysql     20   0 6422680 567184  27624 S  67.3  1.7  13:51.60 mysqld
10161 mysql     20   0 6422680 567184  27624 S  67.3  1.7  13:52.28 mysqld
10161 mysql     20   0 6422680 567184  27624 S  68.3  1.7  13:52.97 mysqld
10161 mysql     20   0 6422680 567184  27624 S  68.3  1.7  13:53.66 mysqld
10161 mysql     20   0 6422680 567184  27624 S  66.3  1.7  13:54.33 mysqld
10161 mysql     20   0 6422680 567184  27624 S  67.3  1.7  13:55.01 mysqld
10161 mysql     20   0 6422680 567184  27624 S  67.3  1.7  13:55.69 mysqld
10161 mysql     20   0 6422680 567184  27624 S  67.3  1.7  13:56.37 mysqld
10161 mysql     20   0 6422680 567184  27624 S  67.3  1.7  13:57.05 mysqld
10161 mysql     20   0 6422680 567184  27624 S  68.3  1.7  13:57.74 mysqld
10161 mysql     20   0 6422680 567184  27624 S  67.3  1.7  13:58.42 mysqld
10161 mysql     20   0 6422680 567184  27624 S  70.0  1.7  13:59.12 mysqld
10161 mysql     20   0 6422680 567184  27624 S  67.3  1.7  13:59.80 mysqld
10161 mysql     20   0 6422680 567184  27624 S  66.3  1.7  14:00.47 mysqld
10161 mysql     20   0 6422680 567184  27624 S  69.3  1.7  14:01.17 mysqld
10161 mysql     20   0 6422680 567184  27624 S  66.3  1.7  14:01.84 mysqld
10161 mysql     20   0 6422680 567184  27624 S  67.3  1.7  14:02.52 mysqld
10161 mysql     20   0 6422680 567184  27624 S  67.3  1.7  14:03.20 mysqld
10161 mysql     20   0 6422680 567184  27624 S  67.3  1.7  14:03.88 mysqld
10161 mysql     20   0 6422680 567184  27624 S  69.3  1.7  14:04.58 mysqld
10161 mysql     20   0 6422680 567184  27624 S  68.3  1.7  14:05.27 mysqld
10161 mysql     20   0 6422680 567184  27624 S  70.0  1.7  14:05.97 mysqld
10161 mysql     20   0 6422680 567184  27624 S  68.3  1.7  14:06.66 mysqld
10161 mysql     20   0 6422680 567184  27624 S  67.3  1.7  14:07.34 mysqld
10161 mysql     20   0 6422680 567184  27624 S  68.3  1.7  14:08.03 mysqld
10161 mysql     20   0 6422680 567184  27624 S  68.3  1.7  14:08.72 mysqld
10161 mysql     20   0 6422680 567184  27624 S  66.3  1.7  14:09.39 mysqld
10161 mysql     20   0 6422680 567184  27624 S  67.3  1.7  14:10.07 mysqld
10161 mysql     20   0 6422680 567184  27624 S  68.3  1.7  14:10.76 mysqld
10161 mysql     20   0 6422680 567184  27624 S  68.3  1.7  14:11.45 mysqld
10161 mysql     20   0 6422680 567184  27624 S  66.3  1.7  14:12.12 mysqld
10161 mysql     20   0 6422680 567184  27624 S  67.3  1.7  14:12.80 mysqld
10161 mysql     20   0 6422680 567184  27624 S  69.0  1.7  14:13.49 mysqld
                                                                                                                                                                                                                                                                                                                                                                                                                                                                                                                                                                                                                                                                                                                                                                                                                                                                                                                                                                                                                                                                                                                                                                                                                                                                                                                                                                                                                                                                                                                                                                                                                                                                                                                                                                                                                                                                                                                                                                                                                                                                                                                                                                                                                                                               10161 mysql     20   0 6422680 567184  27624 S   0.0  1.7  14:17.52 mysqld
10161 mysql     20   0 6422680 567184  27624 S   0.0  1.7  14:17.52 mysqld
10161 mysql     20   0 6422680 567184  27624 S   0.0  1.7  14:17.52 mysqld
10161 mysql     20   0 6422680 567184  27624 S   0.0  1.7  14:17.52 mysqld
10161 mysql     20   0 6422680 567184  27624 S   0.0  1.7  14:17.52 mysqld
10161 mysql     20   0 6422680 567184  27624 S   0.0  1.7  14:17.52 mysqld
10161 mysql     20   0 6422680 567184  27624 S   0.0  1.7  14:17.52 mysqld
10161 mysql     20   0 6422680 567184  27624 S   0.0  1.7  14:17.52 mysqld
10161 mysql     20   0 6422680 567184  27624 S   0.0  1.7  14:17.52 mysqld
10161 mysql     20   0 6422680 567184  27624 S   0.0  1.7  14:17.52 mysqld
10161 mysql     20   0 6388764 569224  27752 S   0.0  1.7  14:17.52 mysqld
10161 mysql     20   0 6315000 569852  27944 S   2.0  1.7  14:17.54 mysqld
10598 mysql     20   0  567260 155704  10636 R  21.8  0.5   0:00.22 mysqld
10596 mysql     20   0   67740  11964  10588 S   0.0  0.0   0:00.00 mysqld
10598 mysql     20   0 5620216 506748  15712 S  55.0  1.6   0:00.77 mysqld
10598 mysql     20   0 5620216 506748  15712 S   1.0  1.6   0:00.78 mysqld
10598 mysql     20   0 5751288 506748  15712 S   0.0  1.6   0:00.78 mysqld
10598 mysql     20   0 6277688 527268  17620 S  52.0  1.6   0:01.30 mysqld
10598 mysql     20   0 6277688 527268  17620 S  84.3  1.6   0:02.16 mysqld
10598 mysql     20   0 6277688 527268  17620 S  84.0  1.6   0:03.00 mysqld
10598 mysql     20   0 6277688 527268  17620 S  85.1  1.6   0:03.86 mysqld
