10598 mysql     20   0 6540096 527780  17620 S  87.1  1.6   8:36.34 mysqld
10598 mysql     20   0 6540096 527780  17620 S  84.2  1.6   8:37.19 mysqld
10598 mysql     20   0 6540096 527780  17620 S  85.1  1.6   8:38.05 mysqld
10598 mysql     20   0 6540096 527780  17620 S  85.1  1.6   8:38.91 mysqld
10598 mysql     20   0 6540096 527780  17620 S  84.2  1.6   8:39.76 mysqld
10598 mysql     20   0 6540096 527780  17620 S  84.2  1.6   8:40.61 mysqld
10598 mysql     20   0 6540096 527780  17620 S  84.2  1.6   8:41.46 mysqld
10598 mysql     20   0 6540096 527780  17620 S  84.2  1.6   8:42.31 mysqld
10598 mysql     20   0 6540096 527780  17620 S  83.2  1.6   8:43.15 mysqld
10598 mysql     20   0 6540096 527780  17620 S  84.2  1.6   8:44.00 mysqld
10598 mysql     20   0 6540096 527780  17620 S  84.2  1.6   8:44.85 mysqld
10598 mysql     20   0 6540096 527780  17620 S  84.2  1.6   8:45.70 mysqld
10598 mysql     20   0 6540096 527780  17620 S  83.2  1.6   8:46.54 mysqld
10598 mysql     20   0 6540096 527780  17620 S  84.0  1.6   8:47.38 mysqld
10598 mysql     20   0 6540096 527780  17620 S  83.2  1.6   8:48.22 mysqld
10598 mysql     20   0 6540096 527780  17620 S  85.1  1.6   8:49.08 mysqld
10598 mysql     20   0 6540096 527780  17620 S  85.1  1.6   8:49.94 mysqld
10598 mysql     20   0 6540096 527780  17620 S  86.1  1.6   8:50.81 mysqld
10598 mysql     20   0 6540096 527780  17620 S  84.2  1.6   8:51.66 mysqld
10598 mysql     20   0 6540096 527780  17620 S  82.2  1.6   8:52.49 mysqld
10598 mysql     20   0 6540096 527780  17620 S  84.2  1.6   8:53.34 mysqld
10598 mysql     20   0 6540096 527780  17620 S  84.2  1.6   8:54.19 mysqld
10598 mysql     20   0 6540096 527780  17620 S  86.1  1.6   8:55.06 mysqld
10598 mysql     20   0 6540096 527780  17620 S  84.2  1.6   8:55.91 mysqld
10598 mysql     20   0 6540096 527780  17620 S  85.1  1.6   8:56.77 mysqld
10598 mysql     20   0 6540096 527780  17620 S  83.2  1.6   8:57.61 mysqld
10598 mysql     20   0 6540096 527780  17620 S  85.1  1.6   8:58.47 mysqld
10598 mysql     20   0 6540096 527780  17620 S  85.0  1.6   8:59.32 mysqld
10598 mysql     20   0 6540096 527780  17620 S  83.2  1.6   9:00.16 mysqld
10598 mysql     20   0 6540096 527780  17620 S  84.2  1.6   9:01.01 mysqld
10598 mysql     20   0 6540096 527780  17620 S  84.2  1.6   9:01.86 mysqld
10598 mysql     20   0 6540096 527780  17620 S  83.2  1.6   9:02.70 mysqld
10598 mysql     20   0 6540096 527780  17620 S  84.2  1.6   9:03.55 mysqld
10598 mysql     20   0 6540096 527780  17620 S  83.2  1.6   9:04.39 mysqld
10598 mysql     20   0 6540096 527780  17620 S  82.2  1.6   9:05.22 mysqld
10598 mysql     20   0 6540096 527780  17620 S  83.2  1.6   9:06.06 mysqld
10598 mysql     20   0 6540096 527780  17620 S  83.2  1.6   9:06.90 mysqld
10598 mysql     20   0 6540096 527780  17620 S  83.2  1.6   9:07.74 mysqld
10598 mysql     20   0 6540096 527780  17620 S  85.1  1.6   9:08.60 mysqld
10598 mysql     20   0 6540096 527780  17620 S  84.2  1.6   9:09.45 mysqld
10598 mysql     20   0 6540096 527780  17620 S  85.1  1.6   9:10.31 mysqld
10598 mysql     20   0 6540096 527780  17620 S  83.0  1.6   9:11.14 mysqld
10598 mysql     20   0 6540096 527780  17620 S  84.2  1.6   9:11.99 mysqld
10598 mysql     20   0 6540096 527780  17620 S  85.1  1.6   9:12.85 mysqld
10598 mysql     20   0 6540096 527780  17620 S  83.2  1.6   9:13.69 mysqld
10598 mysql     20   0 6540096 527780  17620 S  84.2  1.6   9:14.54 mysqld
10598 mysql     20   0 6540096 527780  17620 S  84.2  1.6   9:15.39 mysqld
10598 mysql     20   0 6540096 527780  17620 S  84.2  1.6   9:16.24 mysqld
10598 mysql     20   0 6540096 527780  17620 S  85.1  1.6   9:17.10 mysqld
10598 mysql     20   0 6540096 527780  17620 S  85.1  1.6   9:17.96 mysqld
10598 mysql     20   0 6540096 527780  17620 S  85.1  1.6   9:18.82 mysqld
10598 mysql     20   0 6540096 527780  17620 S  86.0  1.6   9:19.68 mysqld
10598 mysql     20   0 6540096 527780  17620 S  84.2  1.6   9:20.53 mysqld
10598 mysql     20   0 6540096 527780  17620 S  84.2  1.6   9:21.38 mysqld
10598 mysql     20   0 6540096 527780  17620 S  85.1  1.6   9:22.24 mysqld
10598 mysql     20   0 6540096 527780  17620 S  85.1  1.6   9:23.10 mysqld
10598 mysql     20   0 6540096 527780  17620 S  84.2  1.6   9:23.95 mysqld
10598 mysql     20   0 6540096 527780  17620 S  86.1  1.6   9:24.82 mysqld
10598 mysql     20   0 6540096 527780  17620 S  84.2  1.6   9:25.67 mysqld
10598 mysql     20   0 6540096 527780  17620 S  84.2  1.6   9:26.52 mysqld
10598 mysql     20   0 6540096 527780  17620 S  84.2  1.6   9:27.37 mysqld
10598 mysql     20   0 6540096 527780  17620 S  86.0  1.6   9:28.23 mysqld
10598 mysql     20   0 6540096 527780  17620 S  85.1  1.6   9:29.09 mysqld
10598 mysql     20   0 6540096 527780  17620 S  85.1  1.6   9:29.95 mysqld
10598 mysql     20   0 6540096 527780  17620 S  84.2  1.6   9:30.80 mysqld
10598 mysql     20   0 6540096 527780  17620 S  85.1  1.6   9:31.66 mysqld
10598 mysql     20   0 6540096 527780  17620 S  84.2  1.6   9:32.51 mysqld
10598 mysql     20   0 6540096 527780  17620 S  85.1  1.6   9:33.37 mysqld
10598 mysql     20   0 6540096 527780  17620 S  86.1  1.6   9:34.24 mysqld
10598 mysql     20   0 6540096 527780  17620 S  86.1  1.6   9:35.11 mysqld
10598 mysql     20   0 6540096 527780  17620 S  84.2  1.6   9:35.96 mysqld
10598 mysql     20   0 6540096 527780  17620 S  87.1  1.6   9:36.84 mysqld
10598 mysql     20   0 6540096 527780  17620 S  85.1  1.6   9:37.70 mysqld
10598 mysql     20   0 6540096 527780  17620 S  85.1  1.6   9:38.56 mysqld
10598 mysql     20   0 6540096 527780  17620 S  86.1  1.6   9:39.43 mysqld
10598 mysql     20   0 6540096 527780  17620 S  85.1  1.6   9:40.29 mysqld
10598 mysql     20   0 6540096 527780  17620 S  85.0  1.6   9:41.14 mysqld
10598 mysql     20   0 6540096 527780  17620 S  84.2  1.6   9:41.99 mysqld
10598 mysql     20   0 6540096 527780  17620 S  85.1  1.6   9:42.85 mysqld
10598 mysql     20   0 6540096 527780  17620 S  84.2  1.6   9:43.70 mysqld
10598 mysql     20   0 6540096 527780  17620 S  85.1  1.6   9:44.56 mysqld
10598 mysql     20   0 6540096 527780  17620 S  86.1  1.6   9:45.43 mysqld
10598 mysql     20   0 6540096 527780  17620 S  84.2  1.6   9:46.28 mysqld
10598 mysql     20   0 6540096 527780  17620 S  84.2  1.6   9:47.13 mysqld
10598 mysql     20   0 6540096 527780  17620 S  83.2  1.6   9:47.97 mysqld
10598 mysql     20   0 6540096 527780  17620 S  83.2  1.6   9:48.81 mysqld
10598 mysql     20   0 6540096 527780  17620 S  85.1  1.6   9:49.67 mysqld
10598 mysql     20   0 6540096 527780  17620 S  84.2  1.6   9:50.52 mysqld
10598 mysql     20   0 6540096 527780  17620 S  83.2  1.6   9:51.36 mysqld
10598 mysql     20   0 6540096 527780  17620 S  85.1  1.6   9:52.22 mysqld
10598 mysql     20   0 6540096 527780  17620 S  83.2  1.6   9:53.06 mysqld
10598 mysql     20   0 6540096 527780  17620 S  85.1  1.6   9:53.92 mysqld
10598 mysql     20   0 6540096 527780  17620 S  82.2  1.6   9:54.75 mysqld
10598 mysql     20   0 6540096 527780  17620 S  84.0  1.6   9:55.59 mysqld
10598 mysql     20   0 6540096 527780  17620 S  85.1  1.6   9:56.45 mysqld
10598 mysql     20   0 6540096 527780  17620 S  83.2  1.6   9:57.29 mysqld
10598 mysql     20   0 6540096 527780  17620 S  86.1  1.6   9:58.16 mysqld
10598 mysql     20   0 6540096 527780  17620 S  85.1  1.6   9:59.02 mysqld
10598 mysql     20   0 6540096 527780  17620 S  85.1  1.6   9:59.88 mysqld
10598 mysql     20   0 6540096 527780  17620 S  84.2  1.6  10:00.73 mysqld
10598 mysql     20   0 6540096 527780  17620 S  86.1  1.6  10:01.60 mysqld
10598 mysql     20   0 6540096 527780  17620 S  86.1  1.6  10:02.47 mysqld
10598 mysql     20   0 6540096 527780  17620 S  86.1  1.6  10:03.34 mysqld
10598 mysql     20   0 6540096 527780  17620 S  84.2  1.6  10:04.19 mysqld
10598 mysql     20   0 6540096 527780  17620 S  85.1  1.6  10:05.05 mysqld
10598 mysql     20   0 6540096 527780  17620 S  85.1  1.6  10:05.91 mysqld
10598 mysql     20   0 6540096 527780  17620 S  85.1  1.6  10:06.77 mysqld
10598 mysql     20   0 6540096 527780  17620 S  86.1  1.6  10:07.64 mysqld
10598 mysql     20   0 6540096 527780  17620 S  84.0  1.6  10:08.48 mysqld
10598 mysql     20   0 6540096 527780  17620 S  85.1  1.6  10:09.34 mysqld
10598 mysql     20   0 6540096 527780  17620 S  84.2  1.6  10:10.19 mysqld
10598 mysql     20   0 6540096 527780  17620 S  85.1  1.6  10:11.05 mysqld
10598 mysql     20   0 6540096 527780  17620 S  85.1  1.6  10:11.91 mysqld
10598 mysql     20   0 6540096 527780  17620 S  84.2  1.6  10:12.76 mysqld
10598 mysql     20   0 6540096 527780  17620 S  85.1  1.6  10:13.62 mysqld
10598 mysql     20   0 6540096 527780  17620 S  84.2  1.6  10:14.47 mysqld
10598 mysql     20   0 6540096 527780  17620 S  83.2  1.6  10:15.31 mysqld
10598 mysql     20   0 6540096 527780  17620 S  84.2  1.6  10:16.16 mysqld
10598 mysql     20   0 6540096 527780  17620 S  83.0  1.6  10:16.99 mysqld
10598 mysql     20   0 6540096 527780  17620 S  84.2  1.6  10:17.84 mysqld
10598 mysql     20   0 6540096 527780  17620 S  84.2  1.6  10:18.69 mysqld
10598 mysql     20   0 6540096 527780  17620 S  84.2  1.6  10:19.54 mysqld
10598 mysql     20   0 6540096 527780  17620 S  84.2  1.6  10:20.39 mysqld
10598 mysql     20   0 6540096 527780  17620 S  85.1  1.6  10:21.25 mysqld
10598 mysql     20   0 6540096 527780  17620 S  85.1  1.6  10:22.11 mysqld
10598 mysql     20   0 6540096 527780  17620 S  85.1  1.6  10:22.97 mysqld
10598 mysql     20   0 6540096 527780  17620 S  85.1  1.6  10:23.83 mysqld
10598 mysql     20   0 6540096 527780  17620 S  85.1  1.6  10:24.69 mysqld
10598 mysql     20   0 6540096 527780  17620 S  83.2  1.6  10:25.53 mysqld
10598 mysql     20   0 6540096 527780  17620 S  84.2  1.6  10:26.38 mysqld
10598 mysql     20   0 6540096 527780  17620 S  86.1  1.6  10:27.25 mysqld
10598 mysql     20   0 6540096 527780  17620 S  85.1  1.6  10:28.11 mysqld
10598 mysql     20   0 6540096 527780  17620 S  87.1  1.6  10:28.99 mysqld
10598 mysql     20   0 6540096 527780  17620 S  85.1  1.6  10:29.85 mysqld
10598 mysql     20   0 6540096 527780  17620 S  84.0  1.6  10:30.69 mysqld
10598 mysql     20   0 6540096 527780  17620 S  84.2  1.6  10:31.54 mysqld
10598 mysql     20   0 6540096 527780  17620 S  84.2  1.6  10:32.39 mysqld
10598 mysql     20   0 6540096 527780  17620 S  83.2  1.6  10:33.23 mysqld
10598 mysql     20   0 6540096 527780  17620 S  85.1  1.6  10:34.09 mysqld
10598 mysql     20   0 6540096 527780  17620 S  83.2  1.6  10:34.93 mysqld
10598 mysql     20   0 6540096 527780  17620 S  82.2  1.6  10:35.76 mysqld
10598 mysql     20   0 6540096 527780  17620 S  84.2  1.6  10:36.61 mysqld
10598 mysql     20   0 6540096 527780  17620 S  81.2  1.6  10:37.43 mysqld
10598 mysql     20   0 6540096 527780  17620 S  84.2  1.6  10:38.28 mysqld
10598 mysql     20   0 6540096 527780  17620 S  83.2  1.6  10:39.12 mysqld
10598 mysql     20   0 6540096 527780  17620 S  87.0  1.6  10:39.99 mysqld
10598 mysql     20   0 6540096 527780  17620 S  84.2  1.6  10:40.84 mysqld
10598 mysql     20   0 6540096 527780  17620 S  84.2  1.6  10:41.69 mysqld
10598 mysql     20   0 6540096 527780  17620 S  84.2  1.6  10:42.54 mysqld
10598 mysql     20   0 6540096 527780  17620 S  83.2  1.6  10:43.38 mysqld
10598 mysql     20   0 6540096 527780  17620 S  83.2  1.6  10:44.22 mysqld
10598 mysql     20   0 6540096 527780  17620 S  83.2  1.6  10:45.06 mysqld
10598 mysql     20   0 6540096 527780  17620 S  83.2  1.6  10:45.90 mysqld
10598 mysql     20   0 6540096 527780  17620 S  83.2  1.6  10:46.74 mysqld
10598 mysql     20   0 6540096 527780  17620 S  85.1  1.6  10:47.60 mysqld
10598 mysql     20   0 6540096 527780  17620 S  85.1  1.6  10:48.46 mysqld
10598 mysql     20   0 6540096 527780  17620 S  84.2  1.6  10:49.31 mysqld
10598 mysql     20   0 6540096 527780  17620 S  84.2  1.6  10:50.16 mysqld
10598 mysql     20   0 6540096 527780  17620 S  85.0  1.6  10:51.01 mysqld
10598 mysql     20   0 6540096 527780  17620 S  84.2  1.6  10:51.86 mysqld
10598 mysql     20   0 6540096 527780  17620 S  85.1  1.6  10:52.72 mysqld
10598 mysql     20   0 6540096 527780  17620 S  84.2  1.6  10:53.57 mysqld
10598 mysql     20   0 6540096 527780  17620 S  83.2  1.6  10:54.41 mysqld
10598 mysql     20   0 6540096 527780  17620 S  84.2  1.6  10:55.26 mysqld
10598 mysql     20   0 6540096 527780  17620 S  84.2  1.6  10:56.11 mysqld
10598 mysql     20   0 6540096 527780  17620 S  84.0  1.6  10:56.95 mysqld
10598 mysql     20   0 6540096 527780  17620 S  86.1  1.6  10:57.82 mysqld
10598 mysql     20   0 6540096 527780  17620 S  82.2  1.6  10:58.65 mysqld
10598 mysql     20   0 6540096 527780  17620 S  84.2  1.6  10:59.50 mysqld
10598 mysql     20   0 6540096 527780  17620 S  83.2  1.6  11:00.34 mysqld
10598 mysql     20   0 6540096 527780  17620 S  85.1  1.6  11:01.20 mysqld
10598 mysql     20   0 6540096 527780  17620 S  85.1  1.6  11:02.06 mysqld
10598 mysql     20   0 6540096 527780  17620 S  86.1  1.6  11:02.93 mysqld
10598 mysql     20   0 6540096 527780  17620 S  85.1  1.6  11:03.79 mysqld
10598 mysql     20   0 6540096 527780  17620 S  85.1  1.6  11:04.65 mysqld
10598 mysql     20   0 6540096 527780  17620 S  83.2  1.6  11:05.49 mysqld
10598 mysql     20   0 6540096 527780  17620 S  85.0  1.6  11:06.34 mysqld
10598 mysql     20   0 6540096 527780  17620 S  84.2  1.6  11:07.19 mysqld
10598 mysql     20   0 6540096 527780  17620 S  85.1  1.6  11:08.05 mysqld
10598 mysql     20   0 6540096 527780  17620 S  86.1  1.6  11:08.92 mysqld
10598 mysql     20   0 6540096 527780  17620 S  85.1  1.6  11:09.78 mysqld
10598 mysql     20   0 6540096 527780  17620 S  86.1  1.6  11:10.65 mysqld
10598 mysql     20   0 6540096 527780  17620 S  85.1  1.6  11:11.51 mysqld
10598 mysql     20   0 6540096 527780  17620 S  86.1  1.6  11:12.38 mysqld
10598 mysql     20   0 6540096 527780  17620 S  86.1  1.6  11:13.25 mysqld
10598 mysql     20   0 6540096 527780  17620 S  86.0  1.6  11:14.11 mysqld
10598 mysql     20   0 6540096 527780  17620 S  85.1  1.6  11:14.97 mysqld
10598 mysql     20   0 6540096 527780  17620 S  85.1  1.6  11:15.83 mysqld
10598 mysql     20   0 6540096 527780  17620 S  83.2  1.6  11:16.67 mysqld
10598 mysql     20   0 6540096 527780  17620 S  84.2  1.6  11:17.52 mysqld
10598 mysql     20   0 6540096 527780  17620 S  84.2  1.6  11:18.37 mysqld
10598 mysql     20   0 6540096 527780  17620 S  86.1  1.6  11:19.24 mysqld
10598 mysql     20   0 6540096 527780  17620 S  85.1  1.6  11:20.10 mysqld
10598 mysql     20   0 6540096 527780  17620 S  83.2  1.6  11:20.94 mysqld
10598 mysql     20   0 6540096 527780  17620 S  85.0  1.6  11:21.79 mysqld
10598 mysql     20   0 6540096 527780  17620 S  85.1  1.6  11:22.65 mysqld
10598 mysql     20   0 6540096 527780  17620 S  85.1  1.6  11:23.51 mysqld
10598 mysql     20   0 6540096 527780  17620 S  82.2  1.6  11:24.34 mysqld
10598 mysql     20   0 6540096 527780  17620 S  83.2  1.6  11:25.18 mysqld
10598 mysql     20   0 6540096 527780  17620 S  85.1  1.6  11:26.04 mysqld
10598 mysql     20   0 6540096 527780  17620 S  84.2  1.6  11:26.89 mysqld
10598 mysql     20   0 6540096 527780  17620 S  84.2  1.6  11:27.74 mysqld
10598 mysql     20   0 6540096 527780  17620 S  84.2  1.6  11:28.59 mysqld
10598 mysql     20   0 6540096 527780  17620 S  83.2  1.6  11:29.43 mysqld
10598 mysql     20   0 6540096 527780  17620 S  83.2  1.6  11:30.27 mysqld
10598 mysql     20   0 6540096 527780  17620 S  84.2  1.6  11:31.12 mysqld
10598 mysql     20   0 6540096 527780  17620 S  83.2  1.6  11:31.96 mysqld
10598 mysql     20   0 6540096 527780  17620 S  84.0  1.6  11:32.80 mysqld
10598 mysql     20   0 6540096 527780  17620 S  84.2  1.6  11:33.65 mysqld
10598 mysql     20   0 6540096 527780  17620 S  82.2  1.6  11:34.48 mysqld
10598 mysql     20   0 6540096 527780  17620 S  82.2  1.6  11:35.31 mysqld
10598 mysql     20   0 6540096 527780  17620 S  85.1  1.6  11:36.17 mysqld
10598 mysql     20   0 6540096 527780  17620 S  84.0  1.6  11:37.01 mysqld
10598 mysql     20   0 6540096 527780  17620 R  82.2  1.6  11:37.84 mysqld
10598 mysql     20   0 6540096 527780  17620 S  83.2  1.6  11:38.68 mysqld
10598 mysql     20   0 6540096 527780  17620 S  84.2  1.6  11:39.53 mysqld
10598 mysql     20   0 6540096 527780  17620 S  84.2  1.6  11:40.38 mysqld
10598 mysql     20   0 6540096 527780  17620 S  85.1  1.6  11:41.24 mysqld
10598 mysql     20   0 6540096 527780  17620 S  83.2  1.6  11:42.08 mysqld
10598 mysql     20   0 6540096 527780  17620 S  84.2  1.6  11:42.93 mysqld
10598 mysql     20   0 6540096 527780  17620 S  84.2  1.6  11:43.78 mysqld
10598 mysql     20   0 6540096 527780  17620 S  84.2  1.6  11:44.63 mysqld
10598 mysql     20   0 6540096 527780  17620 S  84.2  1.6  11:45.48 mysqld
10598 mysql     20   0 6540096 527780  17620 S  85.1  1.6  11:46.34 mysqld
10598 mysql     20   0 6540096 527780  17620 S  82.2  1.6  11:47.17 mysqld
10598 mysql     20   0 6540096 527780  17620 S  86.0  1.6  11:48.03 mysqld
10598 mysql     20   0 6540096 527780  17620 S  85.1  1.6  11:48.89 mysqld
10598 mysql     20   0 6540096 527780  17620 S  85.1  1.6  11:49.75 mysqld
10598 mysql     20   0 6540096 527780  17620 S  84.2  1.6  11:50.60 mysqld
10598 mysql     20   0 6540096 527780  17620 S  84.2  1.6  11:51.45 mysqld
10598 mysql     20   0 6540096 527780  17620 S  85.1  1.6  11:52.31 mysqld
10598 mysql     20   0 6540096 527780  17620 S  84.2  1.6  11:53.16 mysqld
10598 mysql     20   0 6540096 527780  17620 S  86.1  1.6  11:54.03 mysqld
10598 mysql     20   0 6540096 527780  17620 S  84.2  1.6  11:54.88 mysqld
10598 mysql     20   0 6540096 527780  17620 S  86.1  1.6  11:55.75 mysqld
10598 mysql     20   0 6540096 527780  17620 S  85.1  1.6  11:56.61 mysqld
10598 mysql     20   0 6540096 527780  17620 S  85.1  1.6  11:57.47 mysqld
10598 mysql     20   0 6540096 527780  17620 S  85.1  1.6  11:58.33 mysqld
10598 mysql     20   0 6540096 527780  17620 S  84.2  1.6  11:59.18 mysqld
10598 mysql     20   0 6540096 527780  17620 S  85.1  1.6  12:00.04 mysqld
10598 mysql     20   0 6540096 527780  17620 S  88.0  1.6  12:00.92 mysqld
10598 mysql     20   0 6540096 527780  17620 S  84.2  1.6  12:01.77 mysqld
10598 mysql     20   0 6540096 527780  17620 S  85.1  1.6  12:02.63 mysqld
10598 mysql     20   0 6540096 527780  17620 S  84.2  1.6  12:03.48 mysqld
10598 mysql     20   0 6540096 527780  17620 S  85.1  1.6  12:04.34 mysqld
10598 mysql     20   0 6540096 527780  17620 S  85.1  1.6  12:05.20 mysqld
10598 mysql     20   0 6540096 527780  17620 S  84.2  1.6  12:06.05 mysqld
10598 mysql     20   0 6540096 527780  17620 S  84.2  1.6  12:06.90 mysqld
10598 mysql     20   0 6540096 527780  17620 S  83.2  1.6  12:07.74 mysqld
10598 mysql     20   0 6540096 527780  17620 S  84.2  1.6  12:08.59 mysqld
10598 mysql     20   0 6540096 527780  17620 S  86.0  1.6  12:09.45 mysqld
10598 mysql     20   0 6540096 527780  17620 S  84.2  1.6  12:10.30 mysqld
10598 mysql     20   0 6540096 527780  17620 S  86.1  1.6  12:11.17 mysqld
10598 mysql     20   0 6540096 527780  17620 S  83.2  1.6  12:12.01 mysqld
10598 mysql     20   0 6540096 527780  17620 S  85.1  1.6  12:12.87 mysqld
10598 mysql     20   0 6540096 527780  17620 S  84.2  1.6  12:13.72 mysqld
10598 mysql     20   0 6540096 527780  17620 S  84.2  1.6  12:14.57 mysqld
10598 mysql     20   0 6540096 527780  17620 S  83.2  1.6  12:15.41 mysqld
10598 mysql     20   0 6540096 527780  17620 S  86.1  1.6  12:16.28 mysqld
10598 mysql     20   0 6540096 527780  17620 S  84.2  1.6  12:17.13 mysqld
10598 mysql     20   0 6540096 527780  17620 S  84.2  1.6  12:17.98 mysqld
10598 mysql     20   0 6540096 527780  17620 S  84.2  1.6  12:18.83 mysqld
10598 mysql     20   0 6540096 527780  17620 S  84.0  1.6  12:19.67 mysqld
10598 mysql     20   0 6540096 527780  17620 S  85.1  1.6  12:20.53 mysqld
10598 mysql     20   0 6540096 527780  17620 S  86.1  1.6  12:21.40 mysqld
10598 mysql     20   0 6540096 527780  17620 S  85.1  1.6  12:22.26 mysqld
10598 mysql     20   0 6540096 527780  17620 S  86.1  1.6  12:23.13 mysqld
10598 mysql     20   0 6540096 527780  17620 S  86.1  1.6  12:24.00 mysqld
10598 mysql     20   0 6540096 527780  17620 S  85.1  1.6  12:24.86 mysqld
10598 mysql     20   0 6540096 527780  17620 S  86.1  1.6  12:25.73 mysqld
10598 mysql     20   0 6540096 527780  17620 S  87.1  1.6  12:26.61 mysqld
10598 mysql     20   0 6540096 527780  17620 S  85.1  1.6  12:27.47 mysqld
10598 mysql     20   0 6540096 527780  17620 S  86.1  1.6  12:28.34 mysqld
10598 mysql     20   0 6540096 527780  17620 S  87.0  1.6  12:29.21 mysqld
10598 mysql     20   0 6540096 527780  17620 S  85.1  1.6  12:30.07 mysqld
10598 mysql     20   0 6540096 527780  17620 S  86.1  1.6  12:30.94 mysqld
10598 mysql     20   0 6540096 527780  17620 S  86.1  1.6  12:31.81 mysqld
10598 mysql     20   0 6540096 527780  17620 S  85.1  1.6  12:32.67 mysqld
10598 mysql     20   0 6540096 527780  17620 S  84.2  1.6  12:33.52 mysqld
10598 mysql     20   0 6540096 527780  17620 S  86.1  1.6  12:34.39 mysqld
10598 mysql     20   0 6540096 527780  17620 S  87.1  1.6  12:35.27 mysqld
10598 mysql     20   0 6540096 527780  17620 S  84.2  1.6  12:36.12 mysqld
10598 mysql     20   0 6540096 527780  17620 S  84.2  1.6  12:36.97 mysqld
10598 mysql     20   0 6540096 527780  17620 S  83.2  1.6  12:37.81 mysqld
10598 mysql     20   0 6540096 527780  17620 S  87.0  1.6  12:38.68 mysqld
10598 mysql     20   0 6540096 527780  17620 S  84.2  1.6  12:39.53 mysqld
10598 mysql     20   0 6540096 527780  17620 S  84.2  1.6  12:40.38 mysqld
10598 mysql     20   0 6540096 527780  17620 S  85.1  1.6  12:41.24 mysqld
10598 mysql     20   0 6540096 527780  17620 S  84.2  1.6  12:42.09 mysqld
10598 mysql     20   0 6540096 527780  17620 S  85.1  1.6  12:42.95 mysqld
10598 mysql     20   0 6540096 527780  17620 S  85.1  1.6  12:43.81 mysqld
10598 mysql     20   0 6540096 527780  17620 S  84.2  1.6  12:44.66 mysqld
10598 mysql     20   0 6540096 527780  17620 S  85.1  1.6  12:45.52 mysqld
10598 mysql     20   0 6540096 527780  17620 S  83.2  1.6  12:46.36 mysqld
10598 mysql     20   0 6540096 527780  17620 S  85.1  1.6  12:47.22 mysqld
10598 mysql     20   0 6540096 527780  17620 S  85.1  1.6  12:48.08 mysqld
10598 mysql     20   0 6540096 527780  17620 S  84.2  1.6  12:48.93 mysqld
10598 mysql     20   0 6540096 527780  17620 S  85.0  1.6  12:49.78 mysqld
10598 mysql     20   0 6540096 527780  17620 S  85.1  1.6  12:50.64 mysqld
10598 mysql     20   0 6540096 527780  17620 S  85.1  1.6  12:51.50 mysqld
10598 mysql     20   0 6540096 527780  17620 S  84.2  1.6  12:52.35 mysqld
10598 mysql     20   0 6540096 527780  17620 S  84.2  1.6  12:53.20 mysqld
10598 mysql     20   0 6540096 527780  17620 S  83.2  1.6  12:54.04 mysqld
10598 mysql     20   0 6540096 527780  17620 S  85.1  1.6  12:54.90 mysqld
10598 mysql     20   0 6540096 527780  17620 S  85.1  1.6  12:55.76 mysqld
10598 mysql     20   0 6540096 527780  17620 S  85.1  1.6  12:56.62 mysqld
10598 mysql     20   0 6540096 527780  17620 S  83.2  1.6  12:57.46 mysqld
10598 mysql     20   0 6540096 527780  17620 S  84.2  1.6  12:58.31 mysqld
10598 mysql     20   0 6540096 527780  17620 S  84.0  1.6  12:59.15 mysqld
10598 mysql     20   0 6540096 527780  17620 S  84.2  1.6  13:00.00 mysqld
10598 mysql     20   0 6540096 527780  17620 S  83.2  1.6  13:00.84 mysqld
10598 mysql     20   0 6540096 527780  17620 S  81.2  1.6  13:01.66 mysqld
10598 mysql     20   0 6540096 527780  17620 S  82.2  1.6  13:02.49 mysqld
10598 mysql     20   0 6540096 527780  17620 S  83.2  1.6  13:03.33 mysqld
10598 mysql     20   0 6540096 527780  17620 S  86.1  1.6  13:04.20 mysqld
10598 mysql     20   0 6540096 527780  17620 S  83.2  1.6  13:05.04 mysqld
10598 mysql     20   0 6540096 527780  17620 S  83.2  1.6  13:05.88 mysqld
10598 mysql     20   0 6540096 527780  17620 S  82.2  1.6  13:06.71 mysqld
10598 mysql     20   0 6540096 527780  17620 S  82.2  1.6  13:07.54 mysqld
10598 mysql     20   0 6540096 527780  17620 S  83.2  1.6  13:08.38 mysqld
10598 mysql     20   0 6540096 527780  17620 S  84.0  1.6  13:09.22 mysqld
10598 mysql     20   0 6540096 527780  17620 S  82.2  1.6  13:10.05 mysqld
10598 mysql     20   0 6540096 527780  17620 S  83.2  1.6  13:10.89 mysqld
10598 mysql     20   0 6540096 527780  17620 S  84.2  1.6  13:11.74 mysqld
10598 mysql     20   0 6540096 527780  17620 S  83.2  1.6  13:12.58 mysqld
10598 mysql     20   0 6540096 527780  17620 S  84.2  1.6  13:13.43 mysqld
10598 mysql     20   0 6540096 527780  17620 R  83.2  1.6  13:14.27 mysqld
10598 mysql     20   0 6540096 527780  17620 S  84.2  1.6  13:15.12 mysqld
10598 mysql     20   0 6540096 527780  17620 S  83.2  1.6  13:15.96 mysqld
10598 mysql     20   0 6540096 527780  17620 S  84.2  1.6  13:16.81 mysqld
10598 mysql     20   0 6540096 527780  17620 S  84.2  1.6  13:17.66 mysqld
10598 mysql     20   0 6540096 527780  17620 S  84.2  1.6  13:18.51 mysqld
10598 mysql     20   0 6540096 527780  17620 S  86.0  1.6  13:19.37 mysqld
10598 mysql     20   0 6540096 527780  17620 S  83.2  1.6  13:20.21 mysqld
10598 mysql     20   0 6540096 527780  17620 S  85.1  1.6  13:21.07 mysqld
10598 mysql     20   0 6540096 527780  17620 S  85.1  1.6  13:21.93 mysqld
10598 mysql     20   0 6540096 527780  17620 S  85.1  1.6  13:22.79 mysqld
10598 mysql     20   0 6540096 527780  17620 S  84.2  1.6  13:23.64 mysqld
10598 mysql     20   0 6540096 527780  17620 S  85.1  1.6  13:24.50 mysqld
10598 mysql     20   0 6540096 527780  17620 S  85.1  1.6  13:25.36 mysqld
10598 mysql     20   0 6540096 527780  17620 S  83.2  1.6  13:26.20 mysqld
10598 mysql     20   0 6540096 527780  17620 S  83.2  1.6  13:27.04 mysqld
10598 mysql     20   0 6540096 527780  17620 S  84.2  1.6  13:27.89 mysqld
10598 mysql     20   0 6540096 527780  17620 S  83.2  1.6  13:28.73 mysqld
10598 mysql     20   0 6540096 527780  17620 S  84.2  1.6  13:29.58 mysqld
10598 mysql     20   0 6540096 527780  17620 S  82.2  1.6  13:30.41 mysqld
10598 mysql     20   0 6540096 527780  17620 S  85.1  1.6  13:31.27 mysqld
10598 mysql     20   0 6540096 527780  17620 S  85.0  1.6  13:32.12 mysqld
10598 mysql     20   0 6540096 527780  17620 S  85.1  1.6  13:32.98 mysqld
10598 mysql     20   0 6540096 527780  17620 S  85.1  1.6  13:33.84 mysqld
10598 mysql     20   0 6540096 527780  17620 S  82.2  1.6  13:34.67 mysqld
10598 mysql     20   0 6540096 527780  17620 S  84.2  1.6  13:35.52 mysqld
10598 mysql     20   0 6540096 527780  17620 S  84.2  1.6  13:36.37 mysqld
10598 mysql     20   0 6540096 527780  17620 S  83.2  1.6  13:37.21 mysqld
10598 mysql     20   0 6540096 527780  17620 S  84.2  1.6  13:38.06 mysqld
10598 mysql     20   0 6540096 527780  17620 S  83.2  1.6  13:38.90 mysqld
10598 mysql     20   0 6540096 527780  17620 S  84.2  1.6  13:39.75 mysqld
10598 mysql     20   0 6540096 527780  17620 S  88.1  1.6  13:40.64 mysqld
10598 mysql     20   0 6540096 527780  17620 S  86.1  1.6  13:41.51 mysqld
10598 mysql     20   0 6540096 527780  17620 S  87.1  1.6  13:42.39 mysqld
10598 mysql     20   0 6540096 527780  17620 S  86.1  1.6  13:43.26 mysqld
10598 mysql     20   0 6540096 527780  17620 S  86.1  1.6  13:44.13 mysqld
10598 mysql     20   0 6540096 527780  17620 S  88.0  1.6  13:45.01 mysqld
10598 mysql     20   0 6540096 527780  17620 S  87.1  1.6  13:45.89 mysqld
10598 mysql     20   0 6540096 527780  17620 S  90.1  1.6  13:46.80 mysqld
10598 mysql     20   0 6540096 527780  17620 S  88.1  1.6  13:47.69 mysqld
10598 mysql     20   0 6540096 527780  17620 S  89.1  1.6  13:48.59 mysqld
10598 mysql     20   0 6540096 527780  17620 S  89.1  1.6  13:49.49 mysqld
10598 mysql     20   0 6540096 527780  17620 S  91.1  1.6  13:50.41 mysqld
10598 mysql     20   0 6540096 527780  17620 S  89.1  1.6  13:51.31 mysqld
10598 mysql     20   0 6540096 527780  17620 S  85.1  1.6  13:52.17 mysqld
10598 mysql     20   0 6540096 527780  17620 S  87.1  1.6  13:53.05 mysqld
10598 mysql     20   0 6540096 527780  17620 S  88.1  1.6  13:53.94 mysqld
10598 mysql     20   0 6540096 527780  17620 S  86.1  1.6  13:54.81 mysqld
10598 mysql     20   0 6540096 527780  17620 S  87.1  1.6  13:55.69 mysqld
10598 mysql     20   0 6540096 527780  17620 S  87.1  1.6  13:56.57 mysqld
10598 mysql     20   0 6540096 527780  17620 S  86.1  1.6  13:57.44 mysqld
10598 mysql     20   0 6540096 527780  17620 S  86.0  1.6  13:58.30 mysqld
10598 mysql     20   0 6540096 527780  17620 S  87.1  1.6  13:59.18 mysqld
10598 mysql     20   0 6540096 527780  17620 S  88.1  1.6  14:00.07 mysqld
10598 mysql     20   0 6540096 527780  17620 S  88.1  1.6  14:00.96 mysqld
10598 mysql     20   0 6540096 527780  17620 S  86.1  1.6  14:01.83 mysqld
10598 mysql     20   0 6540096 527780  17620 S  86.1  1.6  14:02.70 mysqld
10598 mysql     20   0 6540096 527780  17620 S  86.1  1.6  14:03.57 mysqld
10598 mysql     20   0 6540096 527780  17620 S  88.1  1.6  14:04.46 mysqld
10598 mysql     20   0 6540096 527780  17620 S  86.1  1.6  14:05.33 mysqld
10598 mysql     20   0 6540096 527780  17620 S  87.1  1.6  14:06.21 mysqld
10598 mysql     20   0 6540096 527780  17620 S  84.2  1.6  14:07.06 mysqld
10598 mysql     20   0 6540096 527780  17620 S  86.1  1.6  14:07.93 mysqld
10598 mysql     20   0 6540096 527780  17620 S  85.1  1.6  14:08.79 mysqld
10598 mysql     20   0 6540096 527780  17620 S  86.0  1.6  14:09.65 mysqld
10598 mysql     20   0 6540096 527780  17620 S  87.1  1.6  14:10.53 mysqld
10598 mysql     20   0 6540096 527780  17620 S  88.1  1.6  14:11.42 mysqld
10598 mysql     20   0 6540096 527780  17620 S  88.1  1.6  14:12.31 mysqld
10598 mysql     20   0 6540096 527780  17620 S  87.1  1.6  14:13.19 mysqld
10598 mysql     20   0 6540096 527780  17620 S  87.1  1.6  14:14.07 mysqld
10598 mysql     20   0 6540096 527780  17620 S  86.1  1.6  14:14.94 mysqld
10598 mysql     20   0 6540096 527780  17620 S  87.1  1.6  14:15.82 mysqld
10598 mysql     20   0 6540096 527780  17620 S  89.1  1.6  14:16.72 mysqld
10598 mysql     20   0 6540096 527780  17620 S  86.1  1.6  14:17.59 mysqld
10598 mysql     20   0 6540096 527780  17620 S  86.1  1.6  14:18.46 mysqld
10598 mysql     20   0 6540096 527780  17620 S  88.1  1.6  14:19.35 mysqld
10598 mysql     20   0 6540096 527780  17620 S  86.1  1.6  14:20.22 mysqld
10598 mysql     20   0 6540096 527780  17620 S  88.1  1.6  14:21.11 mysqld
10598 mysql     20   0 6540096 527780  17620 S  87.0  1.6  14:21.98 mysqld
10598 mysql     20   0 6540096 527780  17620 S  87.1  1.6  14:22.86 mysqld
10598 mysql     20   0 6540096 527780  17620 S  87.1  1.6  14:23.74 mysqld
10598 mysql     20   0 6540096 527780  17620 S  87.1  1.6  14:24.62 mysqld
10598 mysql     20   0 6540096 527780  17620 S  86.1  1.6  14:25.49 mysqld
10598 mysql     20   0 6540096 527780  17620 S  86.1  1.6  14:26.36 mysqld
10598 mysql     20   0 6540096 527780  17620 S  88.0  1.6  14:27.24 mysqld
10598 mysql     20   0 6540096 527780  17620 S  86.1  1.6  14:28.11 mysqld
10598 mysql     20   0 6540096 527780  17620 S  87.1  1.6  14:28.99 mysqld
10598 mysql     20   0 6540096 527780  17620 S  87.1  1.6  14:29.87 mysqld
10598 mysql     20   0 6540096 527780  17620 S  86.1  1.6  14:30.74 mysqld
10598 mysql     20   0 6540096 527780  17620 S  86.1  1.6  14:31.61 mysqld
10598 mysql     20   0 6540096 527780  17620 S  86.1  1.6  14:32.48 mysqld
10598 mysql     20   0 6540096 527780  17620 R  87.1  1.6  14:33.36 mysqld
10598 mysql     20   0 6540096 527780  17620 S  87.1  1.6  14:34.24 mysqld
10598 mysql     20   0 6540096 527780  17620 S  88.1  1.6  14:35.13 mysqld
10598 mysql     20   0 6540096 527780  17620 S  87.1  1.6  14:36.01 mysqld
10598 mysql     20   0 6540096 527780  17620 S  87.1  1.6  14:36.89 mysqld
10598 mysql     20   0 6540096 527780  17620 S  87.1  1.6  14:37.77 mysqld
10598 mysql     20   0 6540096 527780  17620 S  87.0  1.6  14:38.64 mysqld
10598 mysql     20   0 6540096 527780  17620 S  88.1  1.6  14:39.53 mysqld
10598 mysql     20   0 6540096 527780  17620 S  88.1  1.6  14:40.42 mysqld
10598 mysql     20   0 6540096 527780  17620 S  86.1  1.6  14:41.29 mysqld
10598 mysql     20   0 6540096 527780  17620 S  87.1  1.6  14:42.17 mysqld
10598 mysql     20   0 6540096 527780  17620 S  86.1  1.6  14:43.04 mysqld
10598 mysql     20   0 6540096 527780  17620 S  86.1  1.6  14:43.91 mysqld
10598 mysql     20   0 6540096 527780  17620 S  86.1  1.6  14:44.78 mysqld
10598 mysql     20   0 6540096 527780  17620 S  85.1  1.6  14:45.64 mysqld
10598 mysql     20   0 6540096 527780  17620 S  88.1  1.6  14:46.53 mysqld
10598 mysql     20   0 6540096 527780  17620 S  86.1  1.6  14:47.40 mysqld
10598 mysql     20   0 6540096 527780  17620 S  86.0  1.6  14:48.26 mysqld
10598 mysql     20   0 6540096 527780  17620 S  85.1  1.6  14:49.12 mysqld
10598 mysql     20   0 6540096 527780  17620 S  86.1  1.6  14:49.99 mysqld
10598 mysql     20   0 6540096 527780  17620 S  86.1  1.6  14:50.86 mysqld
10598 mysql     20   0 6540096 527780  17620 S  85.1  1.6  14:51.72 mysqld
10598 mysql     20   0 6540096 527780  17620 S  84.2  1.6  14:52.57 mysqld
10598 mysql     20   0 6540096 527780  17620 S  85.1  1.6  14:53.43 mysqld
10598 mysql     20   0 6540096 527780  17620 S  84.2  1.6  14:54.28 mysqld
10598 mysql     20   0 6540096 527780  17620 S  86.1  1.6  14:55.15 mysqld
10598 mysql     20   0 6540096 527780  17620 S  86.1  1.6  14:56.02 mysqld
10598 mysql     20   0 6540096 527780  17620 S  86.1  1.6  14:56.89 mysqld
10598 mysql     20   0 6540096 527780  17620 S  86.0  1.6  14:57.75 mysqld
10598 mysql     20   0 6540096 527780  17620 S  86.1  1.6  14:58.62 mysqld
10598 mysql     20   0 6540096 527780  17620 S  86.1  1.6  14:59.49 mysqld
10598 mysql     20   0 6540096 527780  17620 S  88.1  1.6  15:00.38 mysqld
10598 mysql     20   0 6540096 527780  17620 S  86.1  1.6  15:01.25 mysqld
10598 mysql     20   0 6540096 527780  17620 S  86.1  1.6  15:02.12 mysqld
10598 mysql     20   0 6540096 527780  17620 S  87.1  1.6  15:03.00 mysqld
10598 mysql     20   0 6540096 527780  17620 S  87.1  1.6  15:03.88 mysqld
10598 mysql     20   0 6540096 527780  17620 S  88.1  1.6  15:04.77 mysqld
10598 mysql     20   0 6540096 527780  17620 S  89.1  1.6  15:05.67 mysqld
10598 mysql     20   0 6540096 527780  17620 S  88.1  1.6  15:06.56 mysqld
10598 mysql     20   0 6540096 527780  17620 S  89.0  1.6  15:07.45 mysqld
10598 mysql     20   0 6540096 527780  17620 S  86.1  1.6  15:08.32 mysqld
10598 mysql     20   0 6540096 527780  17620 S  87.1  1.6  15:09.20 mysqld
10598 mysql     20   0 6540096 527780  17620 S  87.1  1.6  15:10.08 mysqld
10598 mysql     20   0 6540096 527780  17620 S  86.1  1.6  15:10.95 mysqld
10598 mysql     20   0 6540096 527780  17620 S  87.1  1.6  15:11.83 mysqld
10598 mysql     20   0 6540096 527780  17620 S  86.1  1.6  15:12.70 mysqld
10598 mysql     20   0 6540096 527780  17620 S  88.0  1.6  15:13.58 mysqld
10598 mysql     20   0 6540096 527780  17620 S  85.1  1.6  15:14.44 mysqld
10598 mysql     20   0 6540096 527780  17620 S  87.1  1.6  15:15.32 mysqld
10598 mysql     20   0 6540096 527780  17620 S  86.1  1.6  15:16.19 mysqld
10598 mysql     20   0 6540096 527780  17620 S  87.1  1.6  15:17.07 mysqld
10598 mysql     20   0 6540096 527780  17620 S  85.1  1.6  15:17.93 mysqld
10598 mysql     20   0 6540096 527780  17620 S  86.1  1.6  15:18.80 mysqld
10598 mysql     20   0 6540096 527780  17620 S  86.1  1.6  15:19.67 mysqld
10598 mysql     20   0 6540096 527780  17620 S  86.1  1.6  15:20.54 mysqld
10598 mysql     20   0 6540096 527780  17620 S  86.1  1.6  15:21.41 mysqld
10598 mysql     20   0 6540096 527780  17620 S  86.1  1.6  15:22.28 mysqld
10598 mysql     20   0 6540096 527780  17620 S  87.1  1.6  15:23.16 mysqld
10598 mysql     20   0 6540096 527780  17620 S  86.1  1.6  15:24.03 mysqld
10598 mysql     20   0 6540096 527780  17620 S  87.0  1.6  15:24.90 mysqld
10598 mysql     20   0 6540096 527780  17620 S  87.1  1.6  15:25.78 mysqld
10598 mysql     20   0 6540096 527780  17620 S  87.1  1.6  15:26.66 mysqld
10598 mysql     20   0 6540096 527780  17620 S  86.1  1.6  15:27.53 mysqld
10598 mysql     20   0 6540096 527780  17620 S  87.1  1.6  15:28.41 mysqld
10598 mysql     20   0 6540096 527780  17620 S  84.2  1.6  15:29.26 mysqld
10598 mysql     20   0 6540096 527780  17620 S  87.1  1.6  15:30.14 mysqld
10598 mysql     20   0 6540096 527780  17620 S  88.0  1.6  15:31.02 mysqld
10598 mysql     20   0 6540096 527780  17620 S  85.1  1.6  15:31.88 mysqld
10598 mysql     20   0 6540096 527780  17620 S  88.1  1.6  15:32.77 mysqld
10598 mysql     20   0 6540096 527780  17620 S  85.1  1.6  15:33.63 mysqld
10598 mysql     20   0 6540096 527780  17620 S  85.1  1.6  15:34.49 mysqld
10598 mysql     20   0 6540096 527780  17620 S  87.1  1.6  15:35.37 mysqld
10598 mysql     20   0 6540096 527780  17620 S  86.1  1.6  15:36.24 mysqld
10598 mysql     20   0 6540096 527780  17620 S  85.0  1.6  15:37.09 mysqld
10598 mysql     20   0 6540096 527780  17620 S  85.1  1.6  15:37.95 mysqld
10598 mysql     20   0 6540096 527780  17620 S  88.1  1.6  15:38.84 mysqld
10598 mysql     20   0 6540096 527780  17620 S  86.1  1.6  15:39.71 mysqld
10598 mysql     20   0 6540096 527780  17620 S  84.2  1.6  15:40.56 mysqld
10598 mysql     20   0 6540096 527780  17620 S  85.1  1.6  15:41.42 mysqld
10598 mysql     20   0 6540096 527780  17620 S  86.1  1.6  15:42.29 mysqld
10598 mysql     20   0 6540096 527780  17620 S  87.0  1.6  15:43.16 mysqld
10598 mysql     20   0 6540096 527780  17620 S  87.1  1.6  15:44.04 mysqld
10598 mysql     20   0 6540096 527780  17620 S  83.2  1.6  15:44.88 mysqld
10598 mysql     20   0 6540096 527780  17620 S  87.1  1.6  15:45.76 mysqld
10598 mysql     20   0 6540096 527780  17620 S  87.1  1.6  15:46.64 mysqld
10598 mysql     20   0 6540096 527780  17620 S  86.1  1.6  15:47.51 mysqld
10598 mysql     20   0 6540096 527780  17620 S  85.1  1.6  15:48.37 mysqld
10598 mysql     20   0 6540096 527780  17620 S  86.1  1.6  15:49.24 mysqld
10598 mysql     20   0 6540096 527780  17620 S  86.0  1.6  15:50.10 mysqld
10598 mysql     20   0 6540096 527780  17620 S  87.1  1.6  15:50.98 mysqld
10598 mysql     20   0 6540096 527780  17620 S  85.1  1.6  15:51.84 mysqld
10598 mysql     20   0 6540096 527780  17620 S  85.1  1.6  15:52.70 mysqld
10598 mysql     20   0 6540096 527780  17620 S  87.1  1.6  15:53.58 mysqld
10598 mysql     20   0 6540096 527780  17620 S  86.1  1.6  15:54.45 mysqld
10598 mysql     20   0 6540096 527780  17620 S  86.1  1.6  15:55.32 mysqld
10598 mysql     20   0 6540096 527780  17620 S  86.1  1.6  15:56.19 mysqld
10598 mysql     20   0 6540096 527780  17620 S  88.1  1.6  15:57.08 mysqld
10598 mysql     20   0 6540096 527780  17620 S  84.2  1.6  15:57.93 mysqld
10598 mysql     20   0 6540096 527780  17620 S  89.0  1.6  15:58.82 mysqld
10598 mysql     20   0 6540096 527780  17620 S  88.1  1.6  15:59.71 mysqld
10598 mysql     20   0 6540096 527780  17620 S  86.1  1.6  16:00.58 mysqld
10598 mysql     20   0 6540096 527780  17620 S  87.1  1.6  16:01.46 mysqld
10598 mysql     20   0 6540096 527780  17620 S  86.1  1.6  16:02.33 mysqld
10598 mysql     20   0 6540096 527780  17620 S  86.1  1.6  16:03.20 mysqld
10598 mysql     20   0 6540096 527780  17620 S  85.1  1.6  16:04.06 mysqld
10598 mysql     20   0 6540096 527780  17620 S  87.1  1.6  16:04.94 mysqld
10598 mysql     20   0 6540096 527780  17620 S  87.1  1.6  16:05.82 mysqld
10598 mysql     20   0 6540096 527780  17620 S  86.1  1.6  16:06.69 mysqld
10598 mysql     20   0 6540096 527780  17620 S  88.1  1.6  16:07.58 mysqld
10598 mysql     20   0 6540096 527780  17620 S  88.0  1.6  16:08.46 mysqld
10598 mysql     20   0 6540096 527780  17620 S  88.1  1.6  16:09.35 mysqld
10598 mysql     20   0 6540096 527780  17620 S  87.1  1.6  16:10.23 mysqld
10598 mysql     20   0 6540096 527780  17620 S  86.1  1.6  16:11.10 mysqld
10598 mysql     20   0 6540096 527780  17620 S  85.1  1.6  16:11.96 mysqld
10598 mysql     20   0 6540096 527780  17620 S  87.1  1.6  16:12.84 mysqld
10598 mysql     20   0 6540096 527780  17620 S  88.1  1.6  16:13.73 mysqld
10598 mysql     20   0 6540096 527780  17620 S  87.1  1.6  16:14.61 mysqld
10598 mysql     20   0 6540096 527780  17620 S  88.1  1.6  16:15.50 mysqld
10598 mysql     20   0 6540096 527780  17620 S  85.0  1.6  16:16.35 mysqld
10598 mysql     20   0 6540096 527780  17620 S  88.1  1.6  16:17.24 mysqld
10598 mysql     20   0 6540096 527780  17620 S  87.1  1.6  16:18.12 mysqld
10598 mysql     20   0 6540096 527780  17620 S  87.1  1.6  16:19.00 mysqld
10598 mysql     20   0 6540096 527780  17620 S  86.1  1.6  16:19.87 mysqld
10598 mysql     20   0 6540096 527780  17620 S  86.1  1.6  16:20.74 mysqld
10598 mysql     20   0 6540096 527780  17620 S  85.1  1.6  16:21.60 mysqld
10598 mysql     20   0 6540096 527780  17620 S  85.1  1.6  16:22.46 mysqld
10598 mysql     20   0 6540096 527780  17620 S  86.1  1.6  16:23.33 mysqld
10598 mysql     20   0 6540096 527780  17620 S  86.1  1.6  16:24.20 mysqld
10598 mysql     20   0 6540096 527780  17620 S  86.1  1.6  16:25.07 mysqld
10598 mysql     20   0 6540096 527780  17620 S  87.1  1.6  16:25.95 mysqld
10598 mysql     20   0 6540096 527780  17620 S  85.1  1.6  16:26.81 mysqld
10598 mysql     20   0 6540096 527780  17620 S  86.1  1.6  16:27.68 mysqld
10598 mysql     20   0 6540096 527780  17620 S  87.0  1.6  16:28.55 mysqld
10598 mysql     20   0 6540096 527780  17620 S  86.1  1.6  16:29.42 mysqld
10598 mysql     20   0 6540096 527780  17620 S  89.1  1.6  16:30.32 mysqld
10598 mysql     20   0 6540096 527780  17620 S  84.2  1.6  16:31.17 mysqld
10598 mysql     20   0 6540096 527780  17620 S  85.1  1.6  16:32.03 mysqld
10598 mysql     20   0 6540096 527780  17620 S  85.1  1.6  16:32.89 mysqld
10598 mysql     20   0 6540096 527780  17620 S  87.1  1.6  16:33.77 mysqld
10598 mysql     20   0 6540096 527780  17620 S  88.1  1.6  16:34.66 mysqld
10598 mysql     20   0 6540096 527780  17620 S  86.1  1.6  16:35.53 mysqld
10598 mysql     20   0 6540096 527780  17620 S  87.1  1.6  16:36.41 mysqld
10598 mysql     20   0 6540096 527780  17620 S  85.1  1.6  16:37.27 mysqld
10598 mysql     20   0 6540096 527780  17620 S  86.1  1.6  16:38.14 mysqld
10598 mysql     20   0 6540096 527780  17620 S  87.1  1.6  16:39.02 mysqld
10598 mysql     20   0 6540096 527780  17620 R  87.0  1.6  16:39.89 mysqld
10598 mysql     20   0 6540096 527780  17620 S  87.1  1.6  16:40.77 mysqld
10598 mysql     20   0 6540096 527780  17620 S  86.1  1.6  16:41.64 mysqld
10598 mysql     20   0 6540096 527780  17620 S  85.1  1.6  16:42.50 mysqld
10598 mysql     20   0 6540096 527780  17620 S  86.1  1.6  16:43.37 mysqld
10598 mysql     20   0 6540096 527780  17620 S  87.1  1.6  16:44.25 mysqld
10598 mysql     20   0 6540096 527780  17620 S  85.1  1.6  16:45.11 mysqld
10598 mysql     20   0 6540096 527780  17620 S  85.1  1.6  16:45.97 mysqld
10598 mysql     20   0 6540096 527780  17620 S  85.1  1.6  16:46.83 mysqld
10598 mysql     20   0 6540096 527780  17620 S  87.1  1.6  16:47.71 mysqld
10598 mysql     20   0 6540096 527780  17620 S  86.1  1.6  16:48.58 mysqld
10598 mysql     20   0 6540096 527780  17620 S  88.0  1.6  16:49.46 mysqld
10598 mysql     20   0 6540096 527780  17620 S  85.1  1.6  16:50.32 mysqld
10598 mysql     20   0 6540096 527780  17620 S  86.1  1.6  16:51.19 mysqld
                                                                                                                                                                                                                                                                                                                                                                                                                                                                                                                                                                                                                                                                                                                                                                                                                                                                                                                                                                                                                                                                                                                                                                                                                                                                                                                                                                                                                                                                                                                                                                                                                                                                                                                                                                                                                                                                                                                                                                                                                                                                                                                                                                                                                                                               10598 mysql     20   0 6540096 527780  17620 S   0.0  1.6  16:56.36 mysqld
10598 mysql     20   0 6540096 527780  17620 S   0.0  1.6  16:56.36 mysqld
10598 mysql     20   0 6540096 527780  17620 S   0.0  1.6  16:56.36 mysqld
10598 mysql     20   0 6540096 527780  17620 S   0.0  1.6  16:56.36 mysqld
10598 mysql     20   0 6540096 527780  17620 S   0.0  1.6  16:56.36 mysqld
10598 mysql     20   0 6540096 527780  17620 S   0.0  1.6  16:56.36 mysqld
10598 mysql     20   0 6540096 527780  17620 S   0.0  1.6  16:56.36 mysqld
10598 mysql     20   0 6540096 527780  17620 S   0.0  1.6  16:56.36 mysqld
10598 mysql     20   0 6540096 527780  17620 S   0.0  1.6  16:56.36 mysqld
10598 mysql     20   0 6540096 527780  17620 S   0.0  1.6  16:56.36 mysqld
10598 mysql     20   0 6540096 527780  17620 S   0.0  1.6  16:56.36 mysqld
10598 mysql     20   0 6540096 527780  17620 S   1.0  1.6  16:56.37 mysqld
10598 mysql     20   0 6540096 527780  17620 S   0.0  1.6  16:56.37 mysqld
10598 mysql     20   0 6540096 527780  17620 S   0.0  1.6  16:56.37 mysqld
10598 mysql     20   0 6540096 527780  17620 S   0.0  1.6  16:56.37 mysqld
10598 mysql     20   0 6540096 527780  17620 S   0.0  1.6  16:56.37 mysqld
10598 mysql     20   0 6540096 527780  17620 S   0.0  1.6  16:56.37 mysqld
10598 mysql     20   0 6540096 527780  17620 S   0.0  1.6  16:56.37 mysqld
10598 mysql     20   0 6540096 527780  17620 S   0.0  1.6  16:56.37 mysqld
10598 mysql     20   0 6540096 527780  17620 S   0.0  1.6  16:56.37 mysqld
